<?xml version="1.0" encoding="UTF-8"?>
<coverage generated="1777313777359" clover="3.2.0">
  <project timestamp="1777313777359" name="All files">
    <metrics statements="293" coveredstatements="138" conditionals="185" coveredconditionals="60" methods="62" coveredmethods="21" elements="540" coveredelements="219" complexity="0" loc="293" ncloc="293" packages="1" files="4" classes="4"/>
    <file name="db.js" path="C:\Users\deepw\My\PetroIT\repos\cosc-4353-software-design-project\queuesmart-backend\db.js">
      <metrics statements="3" coveredstatements="3" conditionals="0" coveredconditionals="0" methods="0" coveredmethods="0"/>
      <line num="2" count="1" type="stmt"/>
      <line num="3" count="1" type="stmt"/>
      <line num="5" count="1" type="stmt"/>
    </file>
    <file name="queueLogic.js" path="C:\Users\deepw\My\PetroIT\repos\cosc-4353-software-design-project\queuesmart-backend\queueLogic.js">
      <metrics statements="6" coveredstatements="6" conditionals="6" coveredconditionals="6" methods="1" coveredmethods="1"/>
      <line num="5" count="7" type="cond" truecount="4" falsecount="0"/>
      <line num="6" count="2" type="stmt"/>
      <line num="9" count="5" type="cond" truecount="2" falsecount="0"/>
      <line num="10" count="2" type="stmt"/>
      <line num="13" count="3" type="stmt"/>
      <line num="16" count="1" type="stmt"/>
    </file>
    <file name="reportService.js" path="C:\Users\deepw\My\PetroIT\repos\cosc-4353-software-design-project\queuesmart-backend\reportService.js">
      <metrics statements="115" coveredstatements="3" conditionals="96" coveredconditionals="0" methods="30" coveredmethods="0"/>
      <line num="1" count="1" type="stmt"/>
      <line num="7" count="1" type="stmt"/>
      <line num="10" count="0" type="stmt"/>
      <line num="14" count="0" type="cond" truecount="0" falsecount="2"/>
      <line num="15" count="0" type="stmt"/>
      <line num="16" count="0" type="cond" truecount="0" falsecount="2"/>
      <line num="17" count="0" type="stmt"/>
      <line num="18" count="0" type="stmt"/>
      <line num="19" count="0" type="stmt"/>
      <line num="21" count="0" type="cond" truecount="0" falsecount="4"/>
      <line num="22" count="0" type="stmt"/>
      <line num="24" count="0" type="stmt"/>
      <line num="28" count="0" type="cond" truecount="0" falsecount="5"/>
      <line num="29" count="0" type="stmt"/>
      <line num="30" count="0" type="cond" truecount="0" falsecount="4"/>
      <line num="31" count="0" type="stmt"/>
      <line num="32" count="0" type="stmt"/>
      <line num="33" count="0" type="stmt"/>
      <line num="35" count="0" type="stmt"/>
      <line num="39" count="0" type="stmt"/>
      <line num="40" count="0" type="stmt"/>
      <line num="42" count="0" type="cond" truecount="0" falsecount="5"/>
      <line num="43" count="0" type="stmt"/>
      <line num="44" count="0" type="stmt"/>
      <line num="45" count="0" type="stmt"/>
      <line num="48" count="0" type="stmt"/>
      <line num="59" count="0" type="stmt"/>
      <line num="61" count="0" type="cond" truecount="0" falsecount="4"/>
      <line num="62" count="0" type="stmt"/>
      <line num="63" count="0" type="cond" truecount="0" falsecount="2"/>
      <line num="64" count="0" type="cond" truecount="0" falsecount="2"/>
      <line num="67" count="0" type="cond" truecount="0" falsecount="2"/>
      <line num="68" count="0" type="stmt"/>
      <line num="71" count="0" type="cond" truecount="0" falsecount="2"/>
      <line num="72" count="0" type="stmt"/>
      <line num="75" count="0" type="cond" truecount="0" falsecount="2"/>
      <line num="76" count="0" type="stmt"/>
      <line num="79" count="0" type="cond" truecount="0" falsecount="2"/>
      <line num="80" count="0" type="stmt"/>
      <line num="83" count="0" type="stmt"/>
      <line num="87" count="0" type="stmt"/>
      <line num="88" count="0" type="cond" truecount="0" falsecount="2"/>
      <line num="89" count="0" type="stmt"/>
      <line num="93" count="0" type="cond" truecount="0" falsecount="2"/>
      <line num="97" count="0" type="stmt"/>
      <line num="101" count="0" type="stmt"/>
      <line num="102" count="0" type="stmt"/>
      <line num="103" count="0" type="cond" truecount="0" falsecount="6"/>
      <line num="104" count="0" type="stmt"/>
      <line num="106" count="0" type="stmt"/>
      <line num="110" count="0" type="stmt"/>
      <line num="126" count="0" type="stmt"/>
      <line num="132" count="0" type="stmt"/>
      <line num="149" count="0" type="stmt"/>
      <line num="155" count="0" type="stmt"/>
      <line num="157" count="0" type="stmt"/>
      <line num="158" count="0" type="stmt"/>
      <line num="159" count="0" type="cond" truecount="0" falsecount="2"/>
      <line num="160" count="0" type="stmt"/>
      <line num="175" count="0" type="stmt"/>
      <line num="176" count="0" type="stmt"/>
      <line num="177" count="0" type="cond" truecount="0" falsecount="2"/>
      <line num="178" count="0" type="cond" truecount="0" falsecount="2"/>
      <line num="179" count="0" type="cond" truecount="0" falsecount="2"/>
      <line num="180" count="0" type="cond" truecount="0" falsecount="4"/>
      <line num="181" count="0" type="stmt"/>
      <line num="184" count="0" type="stmt"/>
      <line num="185" count="0" type="cond" truecount="0" falsecount="2"/>
      <line num="188" count="0" type="stmt"/>
      <line num="201" count="0" type="stmt"/>
      <line num="217" count="0" type="stmt"/>
      <line num="223" count="0" type="stmt"/>
      <line num="224" count="0" type="stmt"/>
      <line num="226" count="0" type="stmt"/>
      <line num="227" count="0" type="stmt"/>
      <line num="228" count="0" type="stmt"/>
      <line num="229" count="0" type="stmt"/>
      <line num="230" count="0" type="cond" truecount="0" falsecount="2"/>
      <line num="232" count="0" type="stmt"/>
      <line num="233" count="0" type="cond" truecount="0" falsecount="2"/>
      <line num="234" count="0" type="stmt"/>
      <line num="246" count="0" type="stmt"/>
      <line num="247" count="0" type="stmt"/>
      <line num="248" count="0" type="cond" truecount="0" falsecount="2"/>
      <line num="249" count="0" type="cond" truecount="0" falsecount="2"/>
      <line num="250" count="0" type="cond" truecount="0" falsecount="2"/>
      <line num="253" count="0" type="stmt"/>
      <line num="254" count="0" type="stmt"/>
      <line num="255" count="0" type="cond" truecount="0" falsecount="2"/>
      <line num="258" count="0" type="stmt"/>
      <line num="259" count="0" type="cond" truecount="0" falsecount="2"/>
      <line num="261" count="0" type="stmt"/>
      <line num="266" count="0" type="cond" truecount="0" falsecount="2"/>
      <line num="269" count="0" type="stmt"/>
      <line num="272" count="0" type="stmt"/>
      <line num="285" count="0" type="stmt"/>
      <line num="295" count="0" type="cond" truecount="0" falsecount="2"/>
      <line num="296" count="0" type="stmt"/>
      <line num="297" count="0" type="stmt"/>
      <line num="298" count="0" type="stmt"/>
      <line num="301" count="0" type="stmt"/>
      <line num="303" count="0" type="cond" truecount="0" falsecount="2"/>
      <line num="304" count="0" type="stmt"/>
      <line num="307" count="0" type="cond" truecount="0" falsecount="2"/>
      <line num="308" count="0" type="stmt"/>
      <line num="311" count="0" type="stmt"/>
      <line num="315" count="0" type="cond" truecount="0" falsecount="4"/>
      <line num="316" count="0" type="stmt"/>
      <line num="317" count="0" type="cond" truecount="0" falsecount="2"/>
      <line num="318" count="0" type="stmt"/>
      <line num="320" count="0" type="stmt"/>
      <line num="324" count="0" type="stmt"/>
      <line num="325" count="0" type="stmt"/>
      <line num="326" count="0" type="stmt"/>
      <line num="329" count="1" type="stmt"/>
    </file>
    <file name="server.js" path="C:\Users\deepw\My\PetroIT\repos\cosc-4353-software-design-project\queuesmart-backend\server.js">
      <metrics statements="169" coveredstatements="126" conditionals="83" coveredconditionals="54" methods="31" coveredmethods="20"/>
      <line num="2" count="1" type="stmt"/>
      <line num="3" count="1" type="stmt"/>
      <line num="4" count="1" type="stmt"/>
      <line num="6" count="1" type="stmt"/>
      <line num="7" count="1" type="stmt"/>
      <line num="8" count="1" type="stmt"/>
      <line num="9" count="1" type="stmt"/>
      <line num="11" count="1" type="stmt"/>
      <line num="12" count="1" type="stmt"/>
      <line num="14" count="1" type="stmt"/>
      <line num="15" count="0" type="stmt"/>
      <line num="21" count="1" type="stmt"/>
      <line num="26" count="1" type="stmt"/>
      <line num="33" count="1" type="stmt"/>
      <line num="36" count="1" type="stmt"/>
      <line num="39" count="1" type="stmt"/>
      <line num="45" count="1" type="stmt"/>
      <line num="51" count="1" type="stmt"/>
      <line num="53" count="1" type="cond" truecount="1" falsecount="1"/>
      <line num="54" count="1" type="stmt"/>
      <line num="58" count="0" type="cond" truecount="0" falsecount="2"/>
      <line num="62" count="0" type="stmt"/>
      <line num="63" count="0" type="cond" truecount="0" falsecount="2"/>
      <line num="64" count="0" type="stmt"/>
      <line num="66" count="0" type="cond" truecount="0" falsecount="2"/>
      <line num="67" count="0" type="stmt"/>
      <line num="69" count="0" type="stmt"/>
      <line num="77" count="1" type="stmt"/>
      <line num="78" count="7" type="stmt"/>
      <line num="80" count="7" type="stmt"/>
      <line num="81" count="7" type="stmt"/>
      <line num="82" count="6" type="cond" truecount="1" falsecount="1"/>
      <line num="85" count="0" type="stmt"/>
      <line num="86" count="0" type="cond" truecount="0" falsecount="2"/>
      <line num="88" count="0" type="stmt"/>
      <line num="90" count="1" type="stmt"/>
      <line num="95" count="1" type="stmt"/>
      <line num="96" count="5" type="stmt"/>
      <line num="98" count="5" type="stmt"/>
      <line num="100" count="5" type="stmt"/>
      <line num="101" count="4" type="cond" truecount="2" falsecount="0"/>
      <line num="104" count="3" type="stmt"/>
      <line num="107" count="3" type="stmt"/>
      <line num="115" count="3" type="stmt"/>
      <line num="117" count="1" type="stmt"/>
      <line num="118" count="1" type="stmt"/>
      <line num="127" count="1" type="stmt"/>
      <line num="128" count="1" type="stmt"/>
      <line num="129" count="1" type="stmt"/>
      <line num="130" count="1" type="stmt"/>
      <line num="132" count="0" type="stmt"/>
      <line num="137" count="1" type="stmt"/>
      <line num="138" count="9" type="stmt"/>
      <line num="139" count="9" type="stmt"/>
      <line num="140" count="9" type="stmt"/>
      <line num="144" count="6" type="stmt"/>
      <line num="145" count="6" type="stmt"/>
      <line num="147" count="3" type="stmt"/>
      <line num="152" count="1" type="stmt"/>
      <line num="153" count="5" type="stmt"/>
      <line num="154" count="6" type="stmt"/>
      <line num="156" count="5" type="cond" truecount="2" falsecount="0"/>
      <line num="157" count="1" type="stmt"/>
      <line num="160" count="4" type="stmt"/>
      <line num="162" count="4" type="cond" truecount="2" falsecount="0"/>
      <line num="163" count="2" type="cond" truecount="2" falsecount="0"/>
      <line num="164" count="1" type="stmt"/>
      <line num="166" count="1" type="cond" truecount="1" falsecount="1"/>
      <line num="167" count="0" type="stmt"/>
      <line num="171" count="3" type="cond" truecount="2" falsecount="0"/>
      <line num="172" count="2" type="stmt"/>
      <line num="173" count="2" type="cond" truecount="6" falsecount="0"/>
      <line num="174" count="1" type="stmt"/>
      <line num="178" count="2" type="cond" truecount="2" falsecount="0"/>
      <line num="179" count="1" type="stmt"/>
      <line num="180" count="1" type="cond" truecount="1" falsecount="1"/>
      <line num="181" count="1" type="stmt"/>
      <line num="185" count="1" type="stmt"/>
      <line num="193" count="1" type="stmt"/>
      <line num="201" count="1" type="stmt"/>
      <line num="202" count="4" type="stmt"/>
      <line num="203" count="6" type="stmt"/>
      <line num="205" count="4" type="cond" truecount="2" falsecount="0"/>
      <line num="206" count="1" type="stmt"/>
      <line num="209" count="3" type="cond" truecount="1" falsecount="1"/>
      <line num="212" count="3" type="stmt"/>
      <line num="218" count="3" type="stmt"/>
      <line num="228" count="1" type="stmt"/>
      <line num="229" count="19" type="stmt"/>
      <line num="231" count="19" type="stmt"/>
      <line num="233" count="19" type="stmt"/>
      <line num="234" count="18" type="cond" truecount="2" falsecount="0"/>
      <line num="237" count="17" type="stmt"/>
      <line num="242" count="17" type="stmt"/>
      <line num="252" count="16" type="stmt"/>
      <line num="256" count="16" type="stmt"/>
      <line num="258" count="2" type="stmt"/>
      <line num="259" count="2" type="stmt"/>
      <line num="264" count="1" type="stmt"/>
      <line num="265" count="7" type="stmt"/>
      <line num="267" count="7" type="cond" truecount="4" falsecount="0"/>
      <line num="268" count="5" type="stmt"/>
      <line num="271" count="3" type="stmt"/>
      <line num="272" count="2" type="cond" truecount="2" falsecount="0"/>
      <line num="273" count="1" type="stmt"/>
      <line num="276" count="1" type="cond" truecount="1" falsecount="1"/>
      <line num="277" count="0" type="stmt"/>
      <line num="280" count="1" type="stmt"/>
      <line num="281" count="1" type="cond" truecount="1" falsecount="1"/>
      <line num="282" count="1" type="stmt"/>
      <line num="285" count="0" type="stmt"/>
      <line num="288" count="0" type="stmt"/>
      <line num="294" count="0" type="stmt"/>
      <line num="304" count="0" type="stmt"/>
      <line num="312" count="1" type="stmt"/>
      <line num="313" count="5" type="stmt"/>
      <line num="315" count="5" type="cond" truecount="2" falsecount="0"/>
      <line num="316" count="1" type="stmt"/>
      <line num="319" count="4" type="cond" truecount="4" falsecount="0"/>
      <line num="320" count="3" type="stmt"/>
      <line num="323" count="1" type="stmt"/>
      <line num="326" count="1" type="cond" truecount="1" falsecount="1"/>
      <line num="327" count="0" type="stmt"/>
      <line num="328" count="0" type="stmt"/>
      <line num="335" count="1" type="stmt"/>
      <line num="341" count="1" type="stmt"/>
      <line num="345" count="1" type="cond" truecount="2" falsecount="2"/>
      <line num="351" count="1" type="stmt"/>
      <line num="364" count="1" type="stmt"/>
      <line num="365" count="4" type="stmt"/>
      <line num="373" count="1" type="stmt"/>
      <line num="374" count="6" type="stmt"/>
      <line num="376" count="6" type="stmt"/>
      <line num="378" count="6" type="cond" truecount="2" falsecount="0"/>
      <line num="379" count="1" type="stmt"/>
      <line num="381" count="6" type="cond" truecount="2" falsecount="0"/>
      <line num="382" count="1" type="stmt"/>
      <line num="383" count="1" type="stmt"/>
      <line num="387" count="6" type="stmt"/>
      <line num="394" count="1" type="stmt"/>
      <line num="395" count="0" type="stmt"/>
      <line num="396" count="0" type="stmt"/>
      <line num="401" count="0" type="stmt"/>
      <line num="402" count="0" type="stmt"/>
      <line num="411" count="0" type="stmt"/>
      <line num="417" count="0" type="stmt"/>
      <line num="420" count="0" type="stmt"/>
      <line num="422" count="0" type="stmt"/>
      <line num="426" count="0" type="stmt"/>
      <line num="427" count="0" type="stmt"/>
      <line num="431" count="1" type="stmt"/>
      <line num="432" count="0" type="stmt"/>
      <line num="433" count="0" type="stmt"/>
      <line num="434" count="0" type="stmt"/>
      <line num="436" count="0" type="stmt"/>
      <line num="437" count="0" type="stmt"/>
      <line num="441" count="0" type="stmt"/>
      <line num="443" count="0" type="stmt"/>
      <line num="444" count="0" type="cond" truecount="0" falsecount="2"/>
      <line num="450" count="1" type="stmt"/>
      <line num="451" count="0" type="stmt"/>
      <line num="452" count="0" type="stmt"/>
      <line num="453" count="0" type="stmt"/>
      <line num="455" count="0" type="stmt"/>
      <line num="456" count="0" type="cond" truecount="0" falsecount="2"/>
      <line num="462" count="1" type="stmt"/>
      <line num="463" count="1" type="stmt"/>
      <line num="464" count="1" type="stmt"/>
      <line num="467" count="1" type="stmt"/>
    </file>
  </project>
</coverage>
