{"C:\\Users\\srava\\OneDrive\\Documents\\GitHub\\cosc-4353-software-design-project\\queuesmart-backend\\queueLogic.js": {"path":"C:\\Users\\srava\\OneDrive\\Documents\\GitHub\\cosc-4353-software-design-project\\queuesmart-backend\\queueLogic.js","statementMap":{"0":{"start":{"line":5,"column":2},"end":{"line":7,"column":3}},"1":{"start":{"line":6,"column":4},"end":{"line":6,"column":13}},"2":{"start":{"line":9,"column":2},"end":{"line":11,"column":3}},"3":{"start":{"line":10,"column":4},"end":{"line":10,"column":13}},"4":{"start":{"line":13,"column":2},"end":{"line":13,"column":37}},"5":{"start":{"line":16,"column":0},"end":{"line":16,"column":38}}},"fnMap":{"0":{"name":"estimateWaitTime","decl":{"start":{"line":4,"column":9},"end":{"line":4,"column":25}},"loc":{"start":{"line":4,"column":45},"end":{"line":14,"column":1}},"line":4}},"branchMap":{"0":{"loc":{"start":{"line":5,"column":2},"end":{"line":7,"column":3}},"type":"if","locations":[{"start":{"line":5,"column":2},"end":{"line":7,"column":3}},{"start":{},"end":{}}],"line":5},"1":{"loc":{"start":{"line":5,"column":6},"end":{"line":5,"column":35}},"type":"binary-expr","locations":[{"start":{"line":5,"column":6},"end":{"line":5,"column":14}},{"start":{"line":5,"column":18},"end":{"line":5,"column":35}}],"line":5},"2":{"loc":{"start":{"line":9,"column":2},"end":{"line":11,"column":3}},"type":"if","locations":[{"start":{"line":9,"column":2},"end":{"line":11,"column":3}},{"start":{},"end":{}}],"line":9}},"s":{"0":5,"1":2,"2":3,"3":2,"4":1,"5":1},"f":{"0":5},"b":{"0":[2,3],"1":[5,4],"2":[2,1]},"_coverageSchema":"1a1c01bbd47fc00a2c39e90264f33305004495a9","hash":"541410c5732acaa27db2ae51ce29322819f1f1bb"}
}
