{"C:\\Users\\deepw\\My\\PetroIT\\repos\\cosc-4353-software-design-project\\queuesmart-backend\\db.js": {"path":"C:\\Users\\deepw\\My\\PetroIT\\repos\\cosc-4353-software-design-project\\queuesmart-backend\\db.js","statementMap":{"0":{"start":{"line":2,"column":25},"end":{"line":2,"column":50}},"1":{"start":{"line":3,"column":15},"end":{"line":3,"column":33}},"2":{"start":{"line":5,"column":0},"end":{"line":5,"column":24}}},"fnMap":{},"branchMap":{},"s":{"0":1,"1":1,"2":1},"f":{},"b":{},"_coverageSchema":"1a1c01bbd47fc00a2c39e90264f33305004495a9","hash":"c173408b63919fae1231d2f0893f6ac165ff39f1"}
,"C:\\Users\\deepw\\My\\PetroIT\\repos\\cosc-4353-software-design-project\\queuesmart-backend\\queueLogic.js": {"path":"C:\\Users\\deepw\\My\\PetroIT\\repos\\cosc-4353-software-design-project\\queuesmart-backend\\queueLogic.js","statementMap":{"0":{"start":{"line":5,"column":2},"end":{"line":7,"column":3}},"1":{"start":{"line":6,"column":4},"end":{"line":6,"column":13}},"2":{"start":{"line":9,"column":2},"end":{"line":11,"column":3}},"3":{"start":{"line":10,"column":4},"end":{"line":10,"column":13}},"4":{"start":{"line":13,"column":2},"end":{"line":13,"column":37}},"5":{"start":{"line":16,"column":0},"end":{"line":16,"column":38}}},"fnMap":{"0":{"name":"estimateWaitTime","decl":{"start":{"line":4,"column":9},"end":{"line":4,"column":25}},"loc":{"start":{"line":4,"column":45},"end":{"line":14,"column":1}},"line":4}},"branchMap":{"0":{"loc":{"start":{"line":5,"column":2},"end":{"line":7,"column":3}},"type":"if","locations":[{"start":{"line":5,"column":2},"end":{"line":7,"column":3}},{"start":{},"end":{}}],"line":5},"1":{"loc":{"start":{"line":5,"column":6},"end":{"line":5,"column":35}},"type":"binary-expr","locations":[{"start":{"line":5,"column":6},"end":{"line":5,"column":14}},{"start":{"line":5,"column":18},"end":{"line":5,"column":35}}],"line":5},"2":{"loc":{"start":{"line":9,"column":2},"end":{"line":11,"column":3}},"type":"if","locations":[{"start":{"line":9,"column":2},"end":{"line":11,"column":3}},{"start":{},"end":{}}],"line":9}},"s":{"0":7,"1":2,"2":5,"3":2,"4":3,"5":1},"f":{"0":7},"b":{"0":[2,5],"1":[7,6],"2":[2,3]},"_coverageSchema":"1a1c01bbd47fc00a2c39e90264f33305004495a9","hash":"1fb6d9142096a3854595ea1819369b82cbbf4d68"}
,"C:\\Users\\deepw\\My\\PetroIT\\repos\\cosc-4353-software-design-project\\queuesmart-backend\\reportService.js": {"path":"C:\\Users\\deepw\\My\\PetroIT\\repos\\cosc-4353-software-design-project\\queuesmart-backend\\reportService.js","statementMap":{"0":{"start":{"line":1,"column":21},"end":{"line":5,"column":2}},"1":{"start":{"line":7,"column":27},"end":{"line":7,"column":83}},"2":{"start":{"line":10,"column":2},"end":{"line":10,"column":38}},"3":{"start":{"line":14,"column":2},"end":{"line":14,"column":26}},"4":{"start":{"line":14,"column":14},"end":{"line":14,"column":26}},"5":{"start":{"line":15,"column":15},"end":{"line":15,"column":30}},"6":{"start":{"line":16,"column":2},"end":{"line":20,"column":3}},"7":{"start":{"line":17,"column":18},"end":{"line":17,"column":65}},"8":{"start":{"line":18,"column":4},"end":{"line":18,"column":27}},"9":{"start":{"line":19,"column":4},"end":{"line":19,"column":16}},"10":{"start":{"line":21,"column":2},"end":{"line":23,"column":3}},"11":{"start":{"line":22,"column":4},"end":{"line":22,"column":35}},"12":{"start":{"line":24,"column":2},"end":{"line":24,"column":14}},"13":{"start":{"line":28,"column":2},"end":{"line":28,"column":73}},"14":{"start":{"line":28,"column":61},"end":{"line":28,"column":73}},"15":{"start":{"line":29,"column":17},"end":{"line":29,"column":30}},"16":{"start":{"line":30,"column":2},"end":{"line":34,"column":3}},"17":{"start":{"line":31,"column":18},"end":{"line":31,"column":76}},"18":{"start":{"line":32,"column":4},"end":{"line":32,"column":27}},"19":{"start":{"line":33,"column":4},"end":{"line":33,"column":16}},"20":{"start":{"line":35,"column":2},"end":{"line":35,"column":16}},"21":{"start":{"line":39,"column":20},"end":{"line":39,"column":59}},"22":{"start":{"line":40,"column":18},"end":{"line":40,"column":59}},"23":{"start":{"line":42,"column":2},"end":{"line":46,"column":3}},"24":{"start":{"line":43,"column":18},"end":{"line":43,"column":64}},"25":{"start":{"line":44,"column":4},"end":{"line":44,"column":27}},"26":{"start":{"line":45,"column":4},"end":{"line":45,"column":16}},"27":{"start":{"line":48,"column":2},"end":{"line":55,"column":4}},"28":{"start":{"line":59,"column":16},"end":{"line":59,"column":18}},"29":{"start":{"line":61,"column":2},"end":{"line":65,"column":3}},"30":{"start":{"line":62,"column":4},"end":{"line":62,"column":24}},"31":{"start":{"line":63,"column":4},"end":{"line":63,"column":66}},"32":{"start":{"line":63,"column":27},"end":{"line":63,"column":66}},"33":{"start":{"line":64,"column":4},"end":{"line":64,"column":62}},"34":{"start":{"line":64,"column":25},"end":{"line":64,"column":62}},"35":{"start":{"line":67,"column":2},"end":{"line":69,"column":3}},"36":{"start":{"line":68,"column":4},"end":{"line":68,"column":36}},"37":{"start":{"line":71,"column":2},"end":{"line":73,"column":3}},"38":{"start":{"line":72,"column":4},"end":{"line":72,"column":49}},"39":{"start":{"line":75,"column":2},"end":{"line":77,"column":3}},"40":{"start":{"line":76,"column":4},"end":{"line":76,"column":34}},"41":{"start":{"line":79,"column":2},"end":{"line":81,"column":3}},"42":{"start":{"line":80,"column":4},"end":{"line":80,"column":51}},"43":{"start":{"line":83,"column":2},"end":{"line":83,"column":15}},"44":{"start":{"line":87,"column":17},"end":{"line":87,"column":66}},"45":{"start":{"line":87,"column":43},"end":{"line":87,"column":65}},"46":{"start":{"line":88,"column":2},"end":{"line":88,"column":34}},"47":{"start":{"line":88,"column":22},"end":{"line":88,"column":34}},"48":{"start":{"line":89,"column":2},"end":{"line":89,"column":95}},"49":{"start":{"line":89,"column":51},"end":{"line":89,"column":62}},"50":{"start":{"line":93,"column":2},"end":{"line":93,"column":54}},"51":{"start":{"line":97,"column":2},"end":{"line":97,"column":29}},"52":{"start":{"line":101,"column":19},"end":{"line":101,"column":57}},"53":{"start":{"line":102,"column":19},"end":{"line":102,"column":41}},"54":{"start":{"line":103,"column":2},"end":{"line":105,"column":3}},"55":{"start":{"line":104,"column":4},"end":{"line":104,"column":16}},"56":{"start":{"line":106,"column":2},"end":{"line":106,"column":29}},"57":{"start":{"line":110,"column":2},"end":{"line":122,"column":4}},"58":{"start":{"line":126,"column":18},"end":{"line":130,"column":4}},"59":{"start":{"line":132,"column":2},"end":{"line":145,"column":4}},"60":{"start":{"line":149,"column":18},"end":{"line":153,"column":4}},"61":{"start":{"line":155,"column":17},"end":{"line":155,"column":26}},"62":{"start":{"line":157,"column":2},"end":{"line":186,"column":5}},"63":{"start":{"line":158,"column":16},"end":{"line":158,"column":59}},"64":{"start":{"line":159,"column":4},"end":{"line":173,"column":5}},"65":{"start":{"line":160,"column":6},"end":{"line":172,"column":9}},"66":{"start":{"line":175,"column":18},"end":{"line":175,"column":33}},"67":{"start":{"line":176,"column":4},"end":{"line":176,"column":28}},"68":{"start":{"line":177,"column":4},"end":{"line":177,"column":60}},"69":{"start":{"line":177,"column":36},"end":{"line":177,"column":60}},"70":{"start":{"line":178,"column":4},"end":{"line":178,"column":59}},"71":{"start":{"line":178,"column":35},"end":{"line":178,"column":59}},"72":{"start":{"line":179,"column":4},"end":{"line":179,"column":79}},"73":{"start":{"line":179,"column":46},"end":{"line":179,"column":79}},"74":{"start":{"line":180,"column":4},"end":{"line":182,"column":5}},"75":{"start":{"line":181,"column":6},"end":{"line":181,"column":53}},"76":{"start":{"line":184,"column":17},"end":{"line":184,"column":44}},"77":{"start":{"line":185,"column":4},"end":{"line":185,"column":50}},"78":{"start":{"line":185,"column":23},"end":{"line":185,"column":50}},"79":{"start":{"line":188,"column":15},"end":{"line":199,"column":5}},"80":{"start":{"line":188,"column":59},"end":{"line":199,"column":3}},"81":{"start":{"line":201,"column":2},"end":{"line":213,"column":4}},"82":{"start":{"line":217,"column":18},"end":{"line":221,"column":4}},"83":{"start":{"line":223,"column":21},"end":{"line":223,"column":30}},"84":{"start":{"line":224,"column":26},"end":{"line":224,"column":35}},"85":{"start":{"line":226,"column":2},"end":{"line":251,"column":5}},"86":{"start":{"line":227,"column":17},"end":{"line":227,"column":41}},"87":{"start":{"line":228,"column":4},"end":{"line":228,"column":29}},"88":{"start":{"line":229,"column":20},"end":{"line":229,"column":38}},"89":{"start":{"line":230,"column":4},"end":{"line":230,"column":64}},"90":{"start":{"line":232,"column":25},"end":{"line":232,"column":68}},"91":{"start":{"line":233,"column":4},"end":{"line":244,"column":5}},"92":{"start":{"line":234,"column":6},"end":{"line":243,"column":9}},"93":{"start":{"line":246,"column":18},"end":{"line":246,"column":51}},"94":{"start":{"line":247,"column":4},"end":{"line":247,"column":28}},"95":{"start":{"line":248,"column":4},"end":{"line":248,"column":53}},"96":{"start":{"line":248,"column":35},"end":{"line":248,"column":53}},"97":{"start":{"line":249,"column":4},"end":{"line":249,"column":55}},"98":{"start":{"line":249,"column":36},"end":{"line":249,"column":55}},"99":{"start":{"line":250,"column":4},"end":{"line":250,"column":73}},"100":{"start":{"line":250,"column":46},"end":{"line":250,"column":73}},"101":{"start":{"line":253,"column":27},"end":{"line":256,"column":16}},"102":{"start":{"line":254,"column":43},"end":{"line":254,"column":72}},"103":{"start":{"line":255,"column":20},"end":{"line":255,"column":97}},"104":{"start":{"line":258,"column":20},"end":{"line":259,"column":98}},"105":{"start":{"line":259,"column":20},"end":{"line":259,"column":97}},"106":{"start":{"line":261,"column":15},"end":{"line":270,"column":5}},"107":{"start":{"line":261,"column":40},"end":{"line":270,"column":3}},"108":{"start":{"line":266,"column":27},"end":{"line":266,"column":101}},"109":{"start":{"line":269,"column":55},"end":{"line":269,"column":103}},"110":{"start":{"line":272,"column":2},"end":{"line":291,"column":4}},"111":{"start":{"line":285,"column":50},"end":{"line":285,"column":75}},"112":{"start":{"line":295,"column":2},"end":{"line":299,"column":3}},"113":{"start":{"line":296,"column":18},"end":{"line":296,"column":96}},"114":{"start":{"line":297,"column":4},"end":{"line":297,"column":27}},"115":{"start":{"line":298,"column":4},"end":{"line":298,"column":16}},"116":{"start":{"line":301,"column":18},"end":{"line":301,"column":46}},"117":{"start":{"line":303,"column":2},"end":{"line":305,"column":3}},"118":{"start":{"line":304,"column":4},"end":{"line":304,"column":51}},"119":{"start":{"line":307,"column":2},"end":{"line":309,"column":3}},"120":{"start":{"line":308,"column":4},"end":{"line":308,"column":53}},"121":{"start":{"line":311,"column":2},"end":{"line":311,"column":46}},"122":{"start":{"line":315,"column":2},"end":{"line":315,"column":55}},"123":{"start":{"line":315,"column":45},"end":{"line":315,"column":55}},"124":{"start":{"line":316,"column":15},"end":{"line":316,"column":28}},"125":{"start":{"line":317,"column":2},"end":{"line":319,"column":3}},"126":{"start":{"line":318,"column":4},"end":{"line":318,"column":43}},"127":{"start":{"line":320,"column":2},"end":{"line":320,"column":14}},"128":{"start":{"line":324,"column":17},"end":{"line":324,"column":49}},"129":{"start":{"line":325,"column":15},"end":{"line":325,"column":91}},"130":{"start":{"line":325,"column":33},"end":{"line":325,"column":90}},"131":{"start":{"line":325,"column":57},"end":{"line":325,"column":79}},"132":{"start":{"line":326,"column":2},"end":{"line":326,"column":38}},"133":{"start":{"line":329,"column":0},"end":{"line":332,"column":2}}},"fnMap":{"0":{"name":"isValidReportType","decl":{"start":{"line":9,"column":9},"end":{"line":9,"column":26}},"loc":{"start":{"line":9,"column":39},"end":{"line":11,"column":1}},"line":9},"1":{"name":"parseDate","decl":{"start":{"line":13,"column":9},"end":{"line":13,"column":18}},"loc":{"start":{"line":13,"column":55},"end":{"line":25,"column":1}},"line":13},"2":{"name":"parsePositiveInt","decl":{"start":{"line":27,"column":9},"end":{"line":27,"column":25}},"loc":{"start":{"line":27,"column":44},"end":{"line":36,"column":1}},"line":27},"3":{"name":"normalizeFilters","decl":{"start":{"line":38,"column":9},"end":{"line":38,"column":25}},"loc":{"start":{"line":38,"column":38},"end":{"line":56,"column":1}},"line":38},"4":{"name":"buildEntryWhere","decl":{"start":{"line":58,"column":9},"end":{"line":58,"column":24}},"loc":{"start":{"line":58,"column":34},"end":{"line":84,"column":1}},"line":58},"5":{"name":"avg","decl":{"start":{"line":86,"column":9},"end":{"line":86,"column":12}},"loc":{"start":{"line":86,"column":22},"end":{"line":90,"column":1}},"line":86},"6":{"name":"(anonymous_6)","decl":{"start":{"line":87,"column":32},"end":{"line":87,"column":33}},"loc":{"start":{"line":87,"column":43},"end":{"line":87,"column":65}},"line":87},"7":{"name":"(anonymous_7)","decl":{"start":{"line":89,"column":35},"end":{"line":89,"column":36}},"loc":{"start":{"line":89,"column":51},"end":{"line":89,"column":62}},"line":89},"8":{"name":"toIso","decl":{"start":{"line":92,"column":9},"end":{"line":92,"column":14}},"loc":{"start":{"line":92,"column":22},"end":{"line":94,"column":1}},"line":92},"9":{"name":"formatQueueName","decl":{"start":{"line":96,"column":9},"end":{"line":96,"column":24}},"loc":{"start":{"line":96,"column":32},"end":{"line":98,"column":1}},"line":96},"10":{"name":"estimatedWaitMinutes","decl":{"start":{"line":100,"column":9},"end":{"line":100,"column":29}},"loc":{"start":{"line":100,"column":37},"end":{"line":107,"column":1}},"line":100},"11":{"name":"mapParticipationEntry","decl":{"start":{"line":109,"column":9},"end":{"line":109,"column":30}},"loc":{"start":{"line":109,"column":38},"end":{"line":123,"column":1}},"line":109},"12":{"name":"getParticipationReport","decl":{"start":{"line":125,"column":15},"end":{"line":125,"column":37}},"loc":{"start":{"line":125,"column":55},"end":{"line":146,"column":1}},"line":125},"13":{"name":"getServiceActivityReport","decl":{"start":{"line":148,"column":15},"end":{"line":148,"column":39}},"loc":{"start":{"line":148,"column":57},"end":{"line":214,"column":1}},"line":148},"14":{"name":"(anonymous_14)","decl":{"start":{"line":157,"column":18},"end":{"line":157,"column":19}},"loc":{"start":{"line":157,"column":29},"end":{"line":186,"column":3}},"line":157},"15":{"name":"(anonymous_15)","decl":{"start":{"line":188,"column":47},"end":{"line":188,"column":48}},"loc":{"start":{"line":188,"column":59},"end":{"line":199,"column":3}},"line":188},"16":{"name":"getQueueStatsReport","decl":{"start":{"line":216,"column":15},"end":{"line":216,"column":34}},"loc":{"start":{"line":216,"column":52},"end":{"line":292,"column":1}},"line":216},"17":{"name":"(anonymous_17)","decl":{"start":{"line":226,"column":18},"end":{"line":226,"column":19}},"loc":{"start":{"line":226,"column":29},"end":{"line":251,"column":3}},"line":226},"18":{"name":"(anonymous_18)","decl":{"start":{"line":254,"column":9},"end":{"line":254,"column":10}},"loc":{"start":{"line":254,"column":43},"end":{"line":254,"column":72}},"line":254},"19":{"name":"(anonymous_19)","decl":{"start":{"line":255,"column":10},"end":{"line":255,"column":11}},"loc":{"start":{"line":255,"column":20},"end":{"line":255,"column":97}},"line":255},"20":{"name":"(anonymous_20)","decl":{"start":{"line":259,"column":10},"end":{"line":259,"column":11}},"loc":{"start":{"line":259,"column":20},"end":{"line":259,"column":97}},"line":259},"21":{"name":"(anonymous_21)","decl":{"start":{"line":261,"column":29},"end":{"line":261,"column":30}},"loc":{"start":{"line":261,"column":40},"end":{"line":270,"column":3}},"line":261},"22":{"name":"(anonymous_22)","decl":{"start":{"line":266,"column":16},"end":{"line":266,"column":17}},"loc":{"start":{"line":266,"column":27},"end":{"line":266,"column":101}},"line":266},"23":{"name":"(anonymous_23)","decl":{"start":{"line":269,"column":43},"end":{"line":269,"column":44}},"loc":{"start":{"line":269,"column":55},"end":{"line":269,"column":103}},"line":269},"24":{"name":"(anonymous_24)","decl":{"start":{"line":285,"column":39},"end":{"line":285,"column":40}},"loc":{"start":{"line":285,"column":50},"end":{"line":285,"column":75}},"line":285},"25":{"name":"generateReport","decl":{"start":{"line":294,"column":15},"end":{"line":294,"column":29}},"loc":{"start":{"line":294,"column":62},"end":{"line":312,"column":1}},"line":294},"26":{"name":"csvEscape","decl":{"start":{"line":314,"column":9},"end":{"line":314,"column":18}},"loc":{"start":{"line":314,"column":26},"end":{"line":321,"column":1}},"line":314},"27":{"name":"toCsv","decl":{"start":{"line":323,"column":9},"end":{"line":323,"column":14}},"loc":{"start":{"line":323,"column":30},"end":{"line":327,"column":1}},"line":323},"28":{"name":"(anonymous_28)","decl":{"start":{"line":325,"column":24},"end":{"line":325,"column":25}},"loc":{"start":{"line":325,"column":33},"end":{"line":325,"column":90}},"line":325},"29":{"name":"(anonymous_29)","decl":{"start":{"line":325,"column":45},"end":{"line":325,"column":46}},"loc":{"start":{"line":325,"column":57},"end":{"line":325,"column":79}},"line":325}},"branchMap":{"0":{"loc":{"start":{"line":13,"column":37},"end":{"line":13,"column":53}},"type":"default-arg","locations":[{"start":{"line":13,"column":48},"end":{"line":13,"column":53}}],"line":13},"1":{"loc":{"start":{"line":14,"column":2},"end":{"line":14,"column":26}},"type":"if","locations":[{"start":{"line":14,"column":2},"end":{"line":14,"column":26}},{"start":{},"end":{}}],"line":14},"2":{"loc":{"start":{"line":16,"column":2},"end":{"line":20,"column":3}},"type":"if","locations":[{"start":{"line":16,"column":2},"end":{"line":20,"column":3}},{"start":{},"end":{}}],"line":16},"3":{"loc":{"start":{"line":21,"column":2},"end":{"line":23,"column":3}},"type":"if","locations":[{"start":{"line":21,"column":2},"end":{"line":23,"column":3}},{"start":{},"end":{}}],"line":21},"4":{"loc":{"start":{"line":21,"column":6},"end":{"line":21,"column":59}},"type":"binary-expr","locations":[{"start":{"line":21,"column":6},"end":{"line":21,"column":14}},{"start":{"line":21,"column":18},"end":{"line":21,"column":59}}],"line":21},"5":{"loc":{"start":{"line":28,"column":2},"end":{"line":28,"column":73}},"type":"if","locations":[{"start":{"line":28,"column":2},"end":{"line":28,"column":73}},{"start":{},"end":{}}],"line":28},"6":{"loc":{"start":{"line":28,"column":6},"end":{"line":28,"column":59}},"type":"binary-expr","locations":[{"start":{"line":28,"column":6},"end":{"line":28,"column":25}},{"start":{"line":28,"column":29},"end":{"line":28,"column":43}},{"start":{"line":28,"column":47},"end":{"line":28,"column":59}}],"line":28},"7":{"loc":{"start":{"line":30,"column":2},"end":{"line":34,"column":3}},"type":"if","locations":[{"start":{"line":30,"column":2},"end":{"line":34,"column":3}},{"start":{},"end":{}}],"line":30},"8":{"loc":{"start":{"line":30,"column":6},"end":{"line":30,"column":46}},"type":"binary-expr","locations":[{"start":{"line":30,"column":6},"end":{"line":30,"column":31}},{"start":{"line":30,"column":35},"end":{"line":30,"column":46}}],"line":30},"9":{"loc":{"start":{"line":38,"column":26},"end":{"line":38,"column":36}},"type":"default-arg","locations":[{"start":{"line":38,"column":34},"end":{"line":38,"column":36}}],"line":38},"10":{"loc":{"start":{"line":42,"column":2},"end":{"line":46,"column":3}},"type":"if","locations":[{"start":{"line":42,"column":2},"end":{"line":46,"column":3}},{"start":{},"end":{}}],"line":42},"11":{"loc":{"start":{"line":42,"column":6},"end":{"line":42,"column":49}},"type":"binary-expr","locations":[{"start":{"line":42,"column":6},"end":{"line":42,"column":15}},{"start":{"line":42,"column":19},"end":{"line":42,"column":26}},{"start":{"line":42,"column":30},"end":{"line":42,"column":49}}],"line":42},"12":{"loc":{"start":{"line":53,"column":10},"end":{"line":53,"column":65}},"type":"cond-expr","locations":[{"start":{"line":53,"column":43},"end":{"line":53,"column":60}},{"start":{"line":53,"column":63},"end":{"line":53,"column":65}}],"line":53},"13":{"loc":{"start":{"line":54,"column":12},"end":{"line":54,"column":85}},"type":"cond-expr","locations":[{"start":{"line":54,"column":47},"end":{"line":54,"column":80}},{"start":{"line":54,"column":83},"end":{"line":54,"column":85}}],"line":54},"14":{"loc":{"start":{"line":61,"column":2},"end":{"line":65,"column":3}},"type":"if","locations":[{"start":{"line":61,"column":2},"end":{"line":65,"column":3}},{"start":{},"end":{}}],"line":61},"15":{"loc":{"start":{"line":61,"column":6},"end":{"line":61,"column":42}},"type":"binary-expr","locations":[{"start":{"line":61,"column":6},"end":{"line":61,"column":23}},{"start":{"line":61,"column":27},"end":{"line":61,"column":42}}],"line":61},"16":{"loc":{"start":{"line":63,"column":4},"end":{"line":63,"column":66}},"type":"if","locations":[{"start":{"line":63,"column":4},"end":{"line":63,"column":66}},{"start":{},"end":{}}],"line":63},"17":{"loc":{"start":{"line":64,"column":4},"end":{"line":64,"column":62}},"type":"if","locations":[{"start":{"line":64,"column":4},"end":{"line":64,"column":62}},{"start":{},"end":{}}],"line":64},"18":{"loc":{"start":{"line":67,"column":2},"end":{"line":69,"column":3}},"type":"if","locations":[{"start":{"line":67,"column":2},"end":{"line":69,"column":3}},{"start":{},"end":{}}],"line":67},"19":{"loc":{"start":{"line":71,"column":2},"end":{"line":73,"column":3}},"type":"if","locations":[{"start":{"line":71,"column":2},"end":{"line":73,"column":3}},{"start":{},"end":{}}],"line":71},"20":{"loc":{"start":{"line":75,"column":2},"end":{"line":77,"column":3}},"type":"if","locations":[{"start":{"line":75,"column":2},"end":{"line":77,"column":3}},{"start":{},"end":{}}],"line":75},"21":{"loc":{"start":{"line":79,"column":2},"end":{"line":81,"column":3}},"type":"if","locations":[{"start":{"line":79,"column":2},"end":{"line":81,"column":3}},{"start":{},"end":{}}],"line":79},"22":{"loc":{"start":{"line":88,"column":2},"end":{"line":88,"column":34}},"type":"if","locations":[{"start":{"line":88,"column":2},"end":{"line":88,"column":34}},{"start":{},"end":{}}],"line":88},"23":{"loc":{"start":{"line":93,"column":9},"end":{"line":93,"column":53}},"type":"cond-expr","locations":[{"start":{"line":93,"column":17},"end":{"line":93,"column":46}},{"start":{"line":93,"column":49},"end":{"line":93,"column":53}}],"line":93},"24":{"loc":{"start":{"line":103,"column":2},"end":{"line":105,"column":3}},"type":"if","locations":[{"start":{"line":103,"column":2},"end":{"line":105,"column":3}},{"start":{},"end":{}}],"line":103},"25":{"loc":{"start":{"line":103,"column":6},"end":{"line":103,"column":96}},"type":"binary-expr","locations":[{"start":{"line":103,"column":6},"end":{"line":103,"column":32}},{"start":{"line":103,"column":36},"end":{"line":103,"column":62}},{"start":{"line":103,"column":66},"end":{"line":103,"column":79}},{"start":{"line":103,"column":83},"end":{"line":103,"column":96}}],"line":103},"26":{"loc":{"start":{"line":159,"column":4},"end":{"line":173,"column":5}},"type":"if","locations":[{"start":{"line":159,"column":4},"end":{"line":173,"column":5}},{"start":{},"end":{}}],"line":159},"27":{"loc":{"start":{"line":177,"column":4},"end":{"line":177,"column":60}},"type":"if","locations":[{"start":{"line":177,"column":4},"end":{"line":177,"column":60}},{"start":{},"end":{}}],"line":177},"28":{"loc":{"start":{"line":178,"column":4},"end":{"line":178,"column":59}},"type":"if","locations":[{"start":{"line":178,"column":4},"end":{"line":178,"column":59}},{"start":{},"end":{}}],"line":178},"29":{"loc":{"start":{"line":179,"column":4},"end":{"line":179,"column":79}},"type":"if","locations":[{"start":{"line":179,"column":4},"end":{"line":179,"column":79}},{"start":{},"end":{}}],"line":179},"30":{"loc":{"start":{"line":180,"column":4},"end":{"line":182,"column":5}},"type":"if","locations":[{"start":{"line":180,"column":4},"end":{"line":182,"column":5}},{"start":{},"end":{}}],"line":180},"31":{"loc":{"start":{"line":180,"column":8},"end":{"line":180,"column":84}},"type":"binary-expr","locations":[{"start":{"line":180,"column":8},"end":{"line":180,"column":31}},{"start":{"line":180,"column":35},"end":{"line":180,"column":84}}],"line":180},"32":{"loc":{"start":{"line":185,"column":4},"end":{"line":185,"column":50}},"type":"if","locations":[{"start":{"line":185,"column":4},"end":{"line":185,"column":50}},{"start":{},"end":{}}],"line":185},"33":{"loc":{"start":{"line":230,"column":29},"end":{"line":230,"column":57}},"type":"binary-expr","locations":[{"start":{"line":230,"column":29},"end":{"line":230,"column":52}},{"start":{"line":230,"column":56},"end":{"line":230,"column":57}}],"line":230},"34":{"loc":{"start":{"line":233,"column":4},"end":{"line":244,"column":5}},"type":"if","locations":[{"start":{"line":233,"column":4},"end":{"line":244,"column":5}},{"start":{},"end":{}}],"line":233},"35":{"loc":{"start":{"line":248,"column":4},"end":{"line":248,"column":53}},"type":"if","locations":[{"start":{"line":248,"column":4},"end":{"line":248,"column":53}},{"start":{},"end":{}}],"line":248},"36":{"loc":{"start":{"line":249,"column":4},"end":{"line":249,"column":55}},"type":"if","locations":[{"start":{"line":249,"column":4},"end":{"line":249,"column":55}},{"start":{},"end":{}}],"line":249},"37":{"loc":{"start":{"line":250,"column":4},"end":{"line":250,"column":73}},"type":"if","locations":[{"start":{"line":250,"column":4},"end":{"line":250,"column":73}},{"start":{},"end":{}}],"line":250},"38":{"loc":{"start":{"line":255,"column":20},"end":{"line":255,"column":97}},"type":"binary-expr","locations":[{"start":{"line":255,"column":20},"end":{"line":255,"column":51}},{"start":{"line":255,"column":55},"end":{"line":255,"column":97}}],"line":255},"39":{"loc":{"start":{"line":259,"column":20},"end":{"line":259,"column":97}},"type":"binary-expr","locations":[{"start":{"line":259,"column":20},"end":{"line":259,"column":51}},{"start":{"line":259,"column":55},"end":{"line":259,"column":97}}],"line":259},"40":{"loc":{"start":{"line":266,"column":27},"end":{"line":266,"column":101}},"type":"binary-expr","locations":[{"start":{"line":266,"column":27},"end":{"line":266,"column":67}},{"start":{"line":266,"column":71},"end":{"line":266,"column":101}}],"line":266},"41":{"loc":{"start":{"line":295,"column":2},"end":{"line":299,"column":3}},"type":"if","locations":[{"start":{"line":295,"column":2},"end":{"line":299,"column":3}},{"start":{},"end":{}}],"line":295},"42":{"loc":{"start":{"line":303,"column":2},"end":{"line":305,"column":3}},"type":"if","locations":[{"start":{"line":303,"column":2},"end":{"line":305,"column":3}},{"start":{},"end":{}}],"line":303},"43":{"loc":{"start":{"line":307,"column":2},"end":{"line":309,"column":3}},"type":"if","locations":[{"start":{"line":307,"column":2},"end":{"line":309,"column":3}},{"start":{},"end":{}}],"line":307},"44":{"loc":{"start":{"line":315,"column":2},"end":{"line":315,"column":55}},"type":"if","locations":[{"start":{"line":315,"column":2},"end":{"line":315,"column":55}},{"start":{},"end":{}}],"line":315},"45":{"loc":{"start":{"line":315,"column":6},"end":{"line":315,"column":43}},"type":"binary-expr","locations":[{"start":{"line":315,"column":6},"end":{"line":315,"column":20}},{"start":{"line":315,"column":24},"end":{"line":315,"column":43}}],"line":315},"46":{"loc":{"start":{"line":317,"column":2},"end":{"line":319,"column":3}},"type":"if","locations":[{"start":{"line":317,"column":2},"end":{"line":319,"column":3}},{"start":{},"end":{}}],"line":317}},"s":{"0":1,"1":1,"2":0,"3":0,"4":0,"5":0,"6":0,"7":0,"8":0,"9":0,"10":0,"11":0,"12":0,"13":0,"14":0,"15":0,"16":0,"17":0,"18":0,"19":0,"20":0,"21":0,"22":0,"23":0,"24":0,"25":0,"26":0,"27":0,"28":0,"29":0,"30":0,"31":0,"32":0,"33":0,"34":0,"35":0,"36":0,"37":0,"38":0,"39":0,"40":0,"41":0,"42":0,"43":0,"44":0,"45":0,"46":0,"47":0,"48":0,"49":0,"50":0,"51":0,"52":0,"53":0,"54":0,"55":0,"56":0,"57":0,"58":0,"59":0,"60":0,"61":0,"62":0,"63":0,"64":0,"65":0,"66":0,"67":0,"68":0,"69":0,"70":0,"71":0,"72":0,"73":0,"74":0,"75":0,"76":0,"77":0,"78":0,"79":0,"80":0,"81":0,"82":0,"83":0,"84":0,"85":0,"86":0,"87":0,"88":0,"89":0,"90":0,"91":0,"92":0,"93":0,"94":0,"95":0,"96":0,"97":0,"98":0,"99":0,"100":0,"101":0,"102":0,"103":0,"104":0,"105":0,"106":0,"107":0,"108":0,"109":0,"110":0,"111":0,"112":0,"113":0,"114":0,"115":0,"116":0,"117":0,"118":0,"119":0,"120":0,"121":0,"122":0,"123":0,"124":0,"125":0,"126":0,"127":0,"128":0,"129":0,"130":0,"131":0,"132":0,"133":1},"f":{"0":0,"1":0,"2":0,"3":0,"4":0,"5":0,"6":0,"7":0,"8":0,"9":0,"10":0,"11":0,"12":0,"13":0,"14":0,"15":0,"16":0,"17":0,"18":0,"19":0,"20":0,"21":0,"22":0,"23":0,"24":0,"25":0,"26":0,"27":0,"28":0,"29":0},"b":{"0":[0],"1":[0,0],"2":[0,0],"3":[0,0],"4":[0,0],"5":[0,0],"6":[0,0,0],"7":[0,0],"8":[0,0],"9":[0],"10":[0,0],"11":[0,0,0],"12":[0,0],"13":[0,0],"14":[0,0],"15":[0,0],"16":[0,0],"17":[0,0],"18":[0,0],"19":[0,0],"20":[0,0],"21":[0,0],"22":[0,0],"23":[0,0],"24":[0,0],"25":[0,0,0,0],"26":[0,0],"27":[0,0],"28":[0,0],"29":[0,0],"30":[0,0],"31":[0,0],"32":[0,0],"33":[0,0],"34":[0,0],"35":[0,0],"36":[0,0],"37":[0,0],"38":[0,0],"39":[0,0],"40":[0,0],"41":[0,0],"42":[0,0],"43":[0,0],"44":[0,0],"45":[0,0],"46":[0,0]},"_coverageSchema":"1a1c01bbd47fc00a2c39e90264f33305004495a9","hash":"2afe90b9935530c3ebd4276fe347efba0af22fb9"}
,"C:\\Users\\deepw\\My\\PetroIT\\repos\\cosc-4353-software-design-project\\queuesmart-backend\\server.js": {"path":"C:\\Users\\deepw\\My\\PetroIT\\repos\\cosc-4353-software-design-project\\queuesmart-backend\\server.js","statementMap":{"0":{"start":{"line":2,"column":15},"end":{"line":2,"column":30}},"1":{"start":{"line":3,"column":15},"end":{"line":3,"column":32}},"2":{"start":{"line":4,"column":34},"end":{"line":4,"column":60}},"3":{"start":{"line":6,"column":29},"end":{"line":6,"column":52}},"4":{"start":{"line":7,"column":16},"end":{"line":7,"column":34}},"5":{"start":{"line":8,"column":13},"end":{"line":8,"column":28}},"6":{"start":{"line":9,"column":12},"end":{"line":9,"column":21}},"7":{"start":{"line":11,"column":0},"end":{"line":11,"column":16}},"8":{"start":{"line":12,"column":0},"end":{"line":12,"column":24}},"9":{"start":{"line":14,"column":0},"end":{"line":16,"column":3}},"10":{"start":{"line":15,"column":2},"end":{"line":15,"column":66}},"11":{"start":{"line":21,"column":15},"end":{"line":24,"column":1}},"12":{"start":{"line":26,"column":13},"end":{"line":31,"column":1}},"13":{"start":{"line":33,"column":20},"end":{"line":33,"column":21}},"14":{"start":{"line":36,"column":20},"end":{"line":36,"column":22}},"15":{"start":{"line":39,"column":14},"end":{"line":39,"column":16}},"16":{"start":{"line":45,"column":15},"end":{"line":50,"column":3}},"17":{"start":{"line":51,"column":2},"end":{"line":51,"column":30}},"18":{"start":{"line":53,"column":2},"end":{"line":53,"column":53}},"19":{"start":{"line":53,"column":33},"end":{"line":53,"column":53}},"20":{"start":{"line":54,"column":2},"end":{"line":54,"column":14}},"21":{"start":{"line":58,"column":2},"end":{"line":58,"column":86}},"22":{"start":{"line":62,"column":15},"end":{"line":62,"column":37}},"23":{"start":{"line":63,"column":2},"end":{"line":65,"column":3}},"24":{"start":{"line":64,"column":4},"end":{"line":64,"column":80}},"25":{"start":{"line":66,"column":2},"end":{"line":68,"column":3}},"26":{"start":{"line":67,"column":4},"end":{"line":67,"column":80}},"27":{"start":{"line":69,"column":2},"end":{"line":69,"column":16}},"28":{"start":{"line":77,"column":0},"end":{"line":92,"column":3}},"29":{"start":{"line":78,"column":30},"end":{"line":78,"column":38}},"30":{"start":{"line":80,"column":2},"end":{"line":91,"column":3}},"31":{"start":{"line":81,"column":17},"end":{"line":81,"column":78}},"32":{"start":{"line":82,"column":4},"end":{"line":82,"column":78}},"33":{"start":{"line":82,"column":15},"end":{"line":82,"column":78}},"34":{"start":{"line":85,"column":20},"end":{"line":85,"column":65}},"35":{"start":{"line":86,"column":4},"end":{"line":86,"column":81}},"36":{"start":{"line":86,"column":18},"end":{"line":86,"column":81}},"37":{"start":{"line":88,"column":4},"end":{"line":88,"column":68}},"38":{"start":{"line":90,"column":4},"end":{"line":90,"column":53}},"39":{"start":{"line":95,"column":0},"end":{"line":120,"column":3}},"40":{"start":{"line":96,"column":30},"end":{"line":96,"column":38}},"41":{"start":{"line":98,"column":2},"end":{"line":119,"column":3}},"42":{"start":{"line":100,"column":25},"end":{"line":100,"column":86}},"43":{"start":{"line":101,"column":4},"end":{"line":101,"column":85}},"44":{"start":{"line":101,"column":22},"end":{"line":101,"column":85}},"45":{"start":{"line":104,"column":27},"end":{"line":104,"column":58}},"46":{"start":{"line":107,"column":20},"end":{"line":113,"column":6}},"47":{"start":{"line":115,"column":4},"end":{"line":115,"column":86}},"48":{"start":{"line":117,"column":4},"end":{"line":117,"column":25}},"49":{"start":{"line":118,"column":4},"end":{"line":118,"column":60}},"50":{"start":{"line":127,"column":0},"end":{"line":134,"column":3}},"51":{"start":{"line":128,"column":2},"end":{"line":133,"column":3}},"52":{"start":{"line":129,"column":21},"end":{"line":129,"column":52}},"53":{"start":{"line":130,"column":4},"end":{"line":130,"column":48}},"54":{"start":{"line":132,"column":4},"end":{"line":132,"column":63}},"55":{"start":{"line":137,"column":0},"end":{"line":149,"column":3}},"56":{"start":{"line":138,"column":52},"end":{"line":138,"column":60}},"57":{"start":{"line":139,"column":2},"end":{"line":148,"column":3}},"58":{"start":{"line":140,"column":23},"end":{"line":142,"column":6}},"59":{"start":{"line":144,"column":4},"end":{"line":144,"column":70}},"60":{"start":{"line":145,"column":4},"end":{"line":145,"column":62}},"61":{"start":{"line":147,"column":4},"end":{"line":147,"column":62}},"62":{"start":{"line":152,"column":0},"end":{"line":194,"column":3}},"63":{"start":{"line":153,"column":13},"end":{"line":153,"column":36}},"64":{"start":{"line":154,"column":23},"end":{"line":154,"column":59}},"65":{"start":{"line":154,"column":47},"end":{"line":154,"column":58}},"66":{"start":{"line":156,"column":2},"end":{"line":158,"column":3}},"67":{"start":{"line":157,"column":4},"end":{"line":157,"column":65}},"68":{"start":{"line":160,"column":52},"end":{"line":160,"column":60}},"69":{"start":{"line":162,"column":2},"end":{"line":169,"column":3}},"70":{"start":{"line":163,"column":4},"end":{"line":165,"column":5}},"71":{"start":{"line":164,"column":6},"end":{"line":164,"column":78}},"72":{"start":{"line":166,"column":4},"end":{"line":168,"column":5}},"73":{"start":{"line":167,"column":6},"end":{"line":167,"column":94}},"74":{"start":{"line":171,"column":2},"end":{"line":176,"column":3}},"75":{"start":{"line":172,"column":16},"end":{"line":172,"column":32}},"76":{"start":{"line":173,"column":4},"end":{"line":175,"column":5}},"77":{"start":{"line":174,"column":6},"end":{"line":174,"column":99}},"78":{"start":{"line":178,"column":2},"end":{"line":183,"column":3}},"79":{"start":{"line":179,"column":28},"end":{"line":179,"column":53}},"80":{"start":{"line":180,"column":4},"end":{"line":182,"column":5}},"81":{"start":{"line":181,"column":6},"end":{"line":181,"column":87}},"82":{"start":{"line":185,"column":2},"end":{"line":191,"column":4}},"83":{"start":{"line":193,"column":2},"end":{"line":193,"column":67}},"84":{"start":{"line":201,"column":0},"end":{"line":224,"column":3}},"85":{"start":{"line":202,"column":20},"end":{"line":202,"column":50}},"86":{"start":{"line":203,"column":18},"end":{"line":203,"column":56}},"87":{"start":{"line":203,"column":37},"end":{"line":203,"column":55}},"88":{"start":{"line":205,"column":2},"end":{"line":207,"column":3}},"89":{"start":{"line":206,"column":4},"end":{"line":206,"column":65}},"90":{"start":{"line":209,"column":16},"end":{"line":209,"column":39}},"91":{"start":{"line":212,"column":29},"end":{"line":216,"column":5}},"92":{"start":{"line":212,"column":58},"end":{"line":216,"column":3}},"93":{"start":{"line":218,"column":2},"end":{"line":223,"column":5}},"94":{"start":{"line":228,"column":0},"end":{"line":261,"column":3}},"95":{"start":{"line":229,"column":35},"end":{"line":229,"column":43}},"96":{"start":{"line":231,"column":2},"end":{"line":260,"column":3}},"97":{"start":{"line":233,"column":18},"end":{"line":233,"column":93}},"98":{"start":{"line":234,"column":4},"end":{"line":234,"column":74}},"99":{"start":{"line":234,"column":16},"end":{"line":234,"column":74}},"100":{"start":{"line":237,"column":25},"end":{"line":239,"column":6}},"101":{"start":{"line":242,"column":18},"end":{"line":249,"column":6}},"102":{"start":{"line":252,"column":4},"end":{"line":254,"column":7}},"103":{"start":{"line":256,"column":4},"end":{"line":256,"column":57}},"104":{"start":{"line":258,"column":4},"end":{"line":258,"column":25}},"105":{"start":{"line":259,"column":4},"end":{"line":259,"column":59}},"106":{"start":{"line":264,"column":0},"end":{"line":309,"column":3}},"107":{"start":{"line":265,"column":32},"end":{"line":265,"column":40}},"108":{"start":{"line":267,"column":2},"end":{"line":269,"column":3}},"109":{"start":{"line":268,"column":4},"end":{"line":268,"column":82}},"110":{"start":{"line":271,"column":18},"end":{"line":271,"column":66}},"111":{"start":{"line":271,"column":37},"end":{"line":271,"column":65}},"112":{"start":{"line":272,"column":2},"end":{"line":274,"column":3}},"113":{"start":{"line":273,"column":4},"end":{"line":273,"column":65}},"114":{"start":{"line":276,"column":2},"end":{"line":278,"column":3}},"115":{"start":{"line":277,"column":4},"end":{"line":277,"column":63}},"116":{"start":{"line":280,"column":21},"end":{"line":280,"column":74}},"117":{"start":{"line":280,"column":54},"end":{"line":280,"column":73}},"118":{"start":{"line":281,"column":2},"end":{"line":283,"column":3}},"119":{"start":{"line":282,"column":4},"end":{"line":282,"column":78}},"120":{"start":{"line":285,"column":25},"end":{"line":285,"column":64}},"121":{"start":{"line":288,"column":2},"end":{"line":291,"column":4}},"122":{"start":{"line":294,"column":2},"end":{"line":302,"column":5}},"123":{"start":{"line":304,"column":2},"end":{"line":308,"column":5}},"124":{"start":{"line":312,"column":0},"end":{"line":357,"column":3}},"125":{"start":{"line":313,"column":24},"end":{"line":313,"column":32}},"126":{"start":{"line":315,"column":2},"end":{"line":317,"column":3}},"127":{"start":{"line":316,"column":4},"end":{"line":316,"column":70}},"128":{"start":{"line":319,"column":2},"end":{"line":321,"column":3}},"129":{"start":{"line":320,"column":4},"end":{"line":320,"column":80}},"130":{"start":{"line":323,"column":22},"end":{"line":323,"column":47}},"131":{"start":{"line":326,"column":2},"end":{"line":332,"column":3}},"132":{"start":{"line":327,"column":22},"end":{"line":327,"column":42}},"133":{"start":{"line":328,"column":4},"end":{"line":331,"column":6}},"134":{"start":{"line":335,"column":2},"end":{"line":338,"column":4}},"135":{"start":{"line":341,"column":2},"end":{"line":349,"column":5}},"136":{"start":{"line":345,"column":37},"end":{"line":345,"column":65}},"137":{"start":{"line":351,"column":2},"end":{"line":356,"column":5}},"138":{"start":{"line":364,"column":0},"end":{"line":366,"column":3}},"139":{"start":{"line":365,"column":2},"end":{"line":365,"column":58}},"140":{"start":{"line":373,"column":0},"end":{"line":388,"column":3}},"141":{"start":{"line":374,"column":32},"end":{"line":374,"column":41}},"142":{"start":{"line":376,"column":15},"end":{"line":376,"column":22}},"143":{"start":{"line":378,"column":2},"end":{"line":380,"column":3}},"144":{"start":{"line":379,"column":4},"end":{"line":379,"column":53}},"145":{"start":{"line":379,"column":32},"end":{"line":379,"column":51}},"146":{"start":{"line":381,"column":2},"end":{"line":385,"column":3}},"147":{"start":{"line":382,"column":4},"end":{"line":384,"column":6}},"148":{"start":{"line":383,"column":6},"end":{"line":383,"column":65}},"149":{"start":{"line":387,"column":2},"end":{"line":387,"column":73}},"150":{"start":{"line":394,"column":0},"end":{"line":429,"column":3}},"151":{"start":{"line":395,"column":2},"end":{"line":428,"column":3}},"152":{"start":{"line":396,"column":24},"end":{"line":399,"column":6}},"153":{"start":{"line":401,"column":29},"end":{"line":409,"column":5}},"154":{"start":{"line":402,"column":6},"end":{"line":408,"column":9}},"155":{"start":{"line":402,"column":37},"end":{"line":408,"column":7}},"156":{"start":{"line":411,"column":23},"end":{"line":415,"column":6}},"157":{"start":{"line":417,"column":4},"end":{"line":424,"column":7}},"158":{"start":{"line":420,"column":48},"end":{"line":420,"column":86}},"159":{"start":{"line":422,"column":42},"end":{"line":422,"column":52}},"160":{"start":{"line":426,"column":4},"end":{"line":426,"column":25}},"161":{"start":{"line":427,"column":4},"end":{"line":427,"column":76}},"162":{"start":{"line":431,"column":0},"end":{"line":448,"column":3}},"163":{"start":{"line":432,"column":2},"end":{"line":447,"column":3}},"164":{"start":{"line":433,"column":19},"end":{"line":433,"column":81}},"165":{"start":{"line":434,"column":21},"end":{"line":434,"column":58}},"166":{"start":{"line":436,"column":4},"end":{"line":436,"column":61}},"167":{"start":{"line":437,"column":4},"end":{"line":440,"column":6}},"168":{"start":{"line":441,"column":4},"end":{"line":441,"column":56}},"169":{"start":{"line":443,"column":4},"end":{"line":443,"column":25}},"170":{"start":{"line":444,"column":4},"end":{"line":446,"column":7}},"171":{"start":{"line":450,"column":0},"end":{"line":460,"column":3}},"172":{"start":{"line":451,"column":2},"end":{"line":459,"column":3}},"173":{"start":{"line":452,"column":19},"end":{"line":452,"column":81}},"174":{"start":{"line":453,"column":4},"end":{"line":453,"column":85}},"175":{"start":{"line":455,"column":4},"end":{"line":455,"column":25}},"176":{"start":{"line":456,"column":4},"end":{"line":458,"column":7}},"177":{"start":{"line":462,"column":13},"end":{"line":462,"column":17}},"178":{"start":{"line":463,"column":0},"end":{"line":465,"column":3}},"179":{"start":{"line":464,"column":2},"end":{"line":464,"column":72}},"180":{"start":{"line":467,"column":0},"end":{"line":467,"column":21}}},"fnMap":{"0":{"name":"(anonymous_0)","decl":{"start":{"line":14,"column":13},"end":{"line":14,"column":14}},"loc":{"start":{"line":14,"column":27},"end":{"line":16,"column":1}},"line":14},"1":{"name":"pushNotification","decl":{"start":{"line":44,"column":9},"end":{"line":44,"column":25}},"loc":{"start":{"line":44,"column":50},"end":{"line":55,"column":1}},"line":44},"2":{"name":"isAdministratorRole","decl":{"start":{"line":57,"column":9},"end":{"line":57,"column":28}},"loc":{"start":{"line":57,"column":35},"end":{"line":59,"column":1}},"line":57},"3":{"name":"requireAdmin","decl":{"start":{"line":61,"column":9},"end":{"line":61,"column":21}},"loc":{"start":{"line":61,"column":38},"end":{"line":70,"column":1}},"line":61},"4":{"name":"(anonymous_4)","decl":{"start":{"line":77,"column":28},"end":{"line":77,"column":29}},"loc":{"start":{"line":77,"column":48},"end":{"line":92,"column":1}},"line":77},"5":{"name":"(anonymous_5)","decl":{"start":{"line":95,"column":31},"end":{"line":95,"column":32}},"loc":{"start":{"line":95,"column":51},"end":{"line":120,"column":1}},"line":95},"6":{"name":"(anonymous_6)","decl":{"start":{"line":127,"column":25},"end":{"line":127,"column":26}},"loc":{"start":{"line":127,"column":45},"end":{"line":134,"column":1}},"line":127},"7":{"name":"(anonymous_7)","decl":{"start":{"line":137,"column":26},"end":{"line":137,"column":27}},"loc":{"start":{"line":137,"column":46},"end":{"line":149,"column":1}},"line":137},"8":{"name":"(anonymous_8)","decl":{"start":{"line":152,"column":29},"end":{"line":152,"column":30}},"loc":{"start":{"line":152,"column":43},"end":{"line":194,"column":1}},"line":152},"9":{"name":"(anonymous_9)","decl":{"start":{"line":154,"column":42},"end":{"line":154,"column":43}},"loc":{"start":{"line":154,"column":47},"end":{"line":154,"column":58}},"line":154},"10":{"name":"(anonymous_10)","decl":{"start":{"line":201,"column":33},"end":{"line":201,"column":34}},"loc":{"start":{"line":201,"column":47},"end":{"line":224,"column":1}},"line":201},"11":{"name":"(anonymous_11)","decl":{"start":{"line":203,"column":32},"end":{"line":203,"column":33}},"loc":{"start":{"line":203,"column":37},"end":{"line":203,"column":55}},"line":203},"12":{"name":"(anonymous_12)","decl":{"start":{"line":212,"column":39},"end":{"line":212,"column":40}},"loc":{"start":{"line":212,"column":58},"end":{"line":216,"column":3}},"line":212},"13":{"name":"(anonymous_13)","decl":{"start":{"line":228,"column":28},"end":{"line":228,"column":29}},"loc":{"start":{"line":228,"column":48},"end":{"line":261,"column":1}},"line":228},"14":{"name":"(anonymous_14)","decl":{"start":{"line":264,"column":29},"end":{"line":264,"column":30}},"loc":{"start":{"line":264,"column":43},"end":{"line":309,"column":1}},"line":264},"15":{"name":"(anonymous_15)","decl":{"start":{"line":271,"column":32},"end":{"line":271,"column":33}},"loc":{"start":{"line":271,"column":37},"end":{"line":271,"column":65}},"line":271},"16":{"name":"(anonymous_16)","decl":{"start":{"line":280,"column":49},"end":{"line":280,"column":50}},"loc":{"start":{"line":280,"column":54},"end":{"line":280,"column":73}},"line":280},"17":{"name":"(anonymous_17)","decl":{"start":{"line":312,"column":29},"end":{"line":312,"column":30}},"loc":{"start":{"line":312,"column":43},"end":{"line":357,"column":1}},"line":312},"18":{"name":"(anonymous_18)","decl":{"start":{"line":345,"column":32},"end":{"line":345,"column":33}},"loc":{"start":{"line":345,"column":37},"end":{"line":345,"column":65}},"line":345},"19":{"name":"(anonymous_19)","decl":{"start":{"line":364,"column":30},"end":{"line":364,"column":31}},"loc":{"start":{"line":364,"column":44},"end":{"line":366,"column":1}},"line":364},"20":{"name":"(anonymous_20)","decl":{"start":{"line":373,"column":24},"end":{"line":373,"column":25}},"loc":{"start":{"line":373,"column":38},"end":{"line":388,"column":1}},"line":373},"21":{"name":"(anonymous_21)","decl":{"start":{"line":379,"column":27},"end":{"line":379,"column":28}},"loc":{"start":{"line":379,"column":32},"end":{"line":379,"column":51}},"line":379},"22":{"name":"(anonymous_22)","decl":{"start":{"line":382,"column":27},"end":{"line":382,"column":28}},"loc":{"start":{"line":383,"column":6},"end":{"line":383,"column":65}},"line":383},"23":{"name":"(anonymous_23)","decl":{"start":{"line":394,"column":46},"end":{"line":394,"column":47}},"loc":{"start":{"line":394,"column":66},"end":{"line":429,"column":1}},"line":394},"24":{"name":"(anonymous_24)","decl":{"start":{"line":401,"column":49},"end":{"line":401,"column":50}},"loc":{"start":{"line":402,"column":6},"end":{"line":408,"column":9}},"line":402},"25":{"name":"(anonymous_25)","decl":{"start":{"line":402,"column":25},"end":{"line":402,"column":26}},"loc":{"start":{"line":402,"column":37},"end":{"line":408,"column":7}},"line":402},"26":{"name":"(anonymous_26)","decl":{"start":{"line":420,"column":34},"end":{"line":420,"column":35}},"loc":{"start":{"line":420,"column":48},"end":{"line":420,"column":86}},"line":420},"27":{"name":"(anonymous_27)","decl":{"start":{"line":422,"column":33},"end":{"line":422,"column":34}},"loc":{"start":{"line":422,"column":42},"end":{"line":422,"column":52}},"line":422},"28":{"name":"(anonymous_28)","decl":{"start":{"line":431,"column":57},"end":{"line":431,"column":58}},"loc":{"start":{"line":431,"column":77},"end":{"line":448,"column":1}},"line":431},"29":{"name":"(anonymous_29)","decl":{"start":{"line":450,"column":50},"end":{"line":450,"column":51}},"loc":{"start":{"line":450,"column":70},"end":{"line":460,"column":1}},"line":450},"30":{"name":"(anonymous_30)","decl":{"start":{"line":463,"column":17},"end":{"line":463,"column":18}},"loc":{"start":{"line":463,"column":23},"end":{"line":465,"column":1}},"line":463}},"branchMap":{"0":{"loc":{"start":{"line":44,"column":35},"end":{"line":44,"column":48}},"type":"default-arg","locations":[{"start":{"line":44,"column":42},"end":{"line":44,"column":48}}],"line":44},"1":{"loc":{"start":{"line":53,"column":2},"end":{"line":53,"column":53}},"type":"if","locations":[{"start":{"line":53,"column":2},"end":{"line":53,"column":53}},{"start":{},"end":{}}],"line":53},"2":{"loc":{"start":{"line":58,"column":52},"end":{"line":58,"column":62}},"type":"binary-expr","locations":[{"start":{"line":58,"column":52},"end":{"line":58,"column":56}},{"start":{"line":58,"column":60},"end":{"line":58,"column":62}}],"line":58},"3":{"loc":{"start":{"line":63,"column":2},"end":{"line":65,"column":3}},"type":"if","locations":[{"start":{"line":63,"column":2},"end":{"line":65,"column":3}},{"start":{},"end":{}}],"line":63},"4":{"loc":{"start":{"line":66,"column":2},"end":{"line":68,"column":3}},"type":"if","locations":[{"start":{"line":66,"column":2},"end":{"line":68,"column":3}},{"start":{},"end":{}}],"line":66},"5":{"loc":{"start":{"line":82,"column":4},"end":{"line":82,"column":78}},"type":"if","locations":[{"start":{"line":82,"column":4},"end":{"line":82,"column":78}},{"start":{},"end":{}}],"line":82},"6":{"loc":{"start":{"line":86,"column":4},"end":{"line":86,"column":81}},"type":"if","locations":[{"start":{"line":86,"column":4},"end":{"line":86,"column":81}},{"start":{},"end":{}}],"line":86},"7":{"loc":{"start":{"line":101,"column":4},"end":{"line":101,"column":85}},"type":"if","locations":[{"start":{"line":101,"column":4},"end":{"line":101,"column":85}},{"start":{},"end":{}}],"line":101},"8":{"loc":{"start":{"line":156,"column":2},"end":{"line":158,"column":3}},"type":"if","locations":[{"start":{"line":156,"column":2},"end":{"line":158,"column":3}},{"start":{},"end":{}}],"line":156},"9":{"loc":{"start":{"line":162,"column":2},"end":{"line":169,"column":3}},"type":"if","locations":[{"start":{"line":162,"column":2},"end":{"line":169,"column":3}},{"start":{},"end":{}}],"line":162},"10":{"loc":{"start":{"line":163,"column":4},"end":{"line":165,"column":5}},"type":"if","locations":[{"start":{"line":163,"column":4},"end":{"line":165,"column":5}},{"start":{},"end":{}}],"line":163},"11":{"loc":{"start":{"line":166,"column":4},"end":{"line":168,"column":5}},"type":"if","locations":[{"start":{"line":166,"column":4},"end":{"line":168,"column":5}},{"start":{},"end":{}}],"line":166},"12":{"loc":{"start":{"line":171,"column":2},"end":{"line":176,"column":3}},"type":"if","locations":[{"start":{"line":171,"column":2},"end":{"line":176,"column":3}},{"start":{},"end":{}}],"line":171},"13":{"loc":{"start":{"line":173,"column":4},"end":{"line":175,"column":5}},"type":"if","locations":[{"start":{"line":173,"column":4},"end":{"line":175,"column":5}},{"start":{},"end":{}}],"line":173},"14":{"loc":{"start":{"line":173,"column":8},"end":{"line":173,"column":69}},"type":"binary-expr","locations":[{"start":{"line":173,"column":8},"end":{"line":173,"column":18}},{"start":{"line":173,"column":22},"end":{"line":173,"column":30}},{"start":{"line":173,"column":34},"end":{"line":173,"column":56}},{"start":{"line":173,"column":60},"end":{"line":173,"column":69}}],"line":173},"15":{"loc":{"start":{"line":178,"column":2},"end":{"line":183,"column":3}},"type":"if","locations":[{"start":{"line":178,"column":2},"end":{"line":183,"column":3}},{"start":{},"end":{}}],"line":178},"16":{"loc":{"start":{"line":180,"column":4},"end":{"line":182,"column":5}},"type":"if","locations":[{"start":{"line":180,"column":4},"end":{"line":182,"column":5}},{"start":{},"end":{}}],"line":180},"17":{"loc":{"start":{"line":187,"column":8},"end":{"line":187,"column":56}},"type":"binary-expr","locations":[{"start":{"line":187,"column":8},"end":{"line":187,"column":31}},{"start":{"line":187,"column":35},"end":{"line":187,"column":56}}],"line":187},"18":{"loc":{"start":{"line":188,"column":8},"end":{"line":188,"column":72}},"type":"binary-expr","locations":[{"start":{"line":188,"column":8},"end":{"line":188,"column":33}},{"start":{"line":188,"column":37},"end":{"line":188,"column":72}}],"line":188},"19":{"loc":{"start":{"line":189,"column":8},"end":{"line":189,"column":65}},"type":"binary-expr","locations":[{"start":{"line":189,"column":8},"end":{"line":189,"column":31}},{"start":{"line":189,"column":35},"end":{"line":189,"column":65}}],"line":189},"20":{"loc":{"start":{"line":190,"column":8},"end":{"line":190,"column":47}},"type":"binary-expr","locations":[{"start":{"line":190,"column":8},"end":{"line":190,"column":31}},{"start":{"line":190,"column":35},"end":{"line":190,"column":47}}],"line":190},"21":{"loc":{"start":{"line":205,"column":2},"end":{"line":207,"column":3}},"type":"if","locations":[{"start":{"line":205,"column":2},"end":{"line":207,"column":3}},{"start":{},"end":{}}],"line":205},"22":{"loc":{"start":{"line":209,"column":16},"end":{"line":209,"column":39}},"type":"binary-expr","locations":[{"start":{"line":209,"column":16},"end":{"line":209,"column":33}},{"start":{"line":209,"column":37},"end":{"line":209,"column":39}}],"line":209},"23":{"loc":{"start":{"line":234,"column":4},"end":{"line":234,"column":74}},"type":"if","locations":[{"start":{"line":234,"column":4},"end":{"line":234,"column":74}},{"start":{},"end":{}}],"line":234},"24":{"loc":{"start":{"line":267,"column":2},"end":{"line":269,"column":3}},"type":"if","locations":[{"start":{"line":267,"column":2},"end":{"line":269,"column":3}},{"start":{},"end":{}}],"line":267},"25":{"loc":{"start":{"line":267,"column":6},"end":{"line":267,"column":27}},"type":"binary-expr","locations":[{"start":{"line":267,"column":6},"end":{"line":267,"column":16}},{"start":{"line":267,"column":20},"end":{"line":267,"column":27}}],"line":267},"26":{"loc":{"start":{"line":272,"column":2},"end":{"line":274,"column":3}},"type":"if","locations":[{"start":{"line":272,"column":2},"end":{"line":274,"column":3}},{"start":{},"end":{}}],"line":272},"27":{"loc":{"start":{"line":276,"column":2},"end":{"line":278,"column":3}},"type":"if","locations":[{"start":{"line":276,"column":2},"end":{"line":278,"column":3}},{"start":{},"end":{}}],"line":276},"28":{"loc":{"start":{"line":281,"column":2},"end":{"line":283,"column":3}},"type":"if","locations":[{"start":{"line":281,"column":2},"end":{"line":283,"column":3}},{"start":{},"end":{}}],"line":281},"29":{"loc":{"start":{"line":315,"column":2},"end":{"line":317,"column":3}},"type":"if","locations":[{"start":{"line":315,"column":2},"end":{"line":317,"column":3}},{"start":{},"end":{}}],"line":315},"30":{"loc":{"start":{"line":319,"column":2},"end":{"line":321,"column":3}},"type":"if","locations":[{"start":{"line":319,"column":2},"end":{"line":321,"column":3}},{"start":{},"end":{}}],"line":319},"31":{"loc":{"start":{"line":319,"column":6},"end":{"line":319,"column":58}},"type":"binary-expr","locations":[{"start":{"line":319,"column":6},"end":{"line":319,"column":24}},{"start":{"line":319,"column":28},"end":{"line":319,"column":58}}],"line":319},"32":{"loc":{"start":{"line":326,"column":2},"end":{"line":332,"column":3}},"type":"if","locations":[{"start":{"line":326,"column":2},"end":{"line":332,"column":3}},{"start":{},"end":{}}],"line":326},"33":{"loc":{"start":{"line":345,"column":17},"end":{"line":345,"column":91}},"type":"binary-expr","locations":[{"start":{"line":345,"column":17},"end":{"line":345,"column":78}},{"start":{"line":345,"column":82},"end":{"line":345,"column":91}}],"line":345},"34":{"loc":{"start":{"line":345,"column":18},"end":{"line":345,"column":72}},"type":"binary-expr","locations":[{"start":{"line":345,"column":18},"end":{"line":345,"column":66}},{"start":{"line":345,"column":70},"end":{"line":345,"column":72}}],"line":345},"35":{"loc":{"start":{"line":378,"column":2},"end":{"line":380,"column":3}},"type":"if","locations":[{"start":{"line":378,"column":2},"end":{"line":380,"column":3}},{"start":{},"end":{}}],"line":378},"36":{"loc":{"start":{"line":381,"column":2},"end":{"line":385,"column":3}},"type":"if","locations":[{"start":{"line":381,"column":2},"end":{"line":385,"column":3}},{"start":{},"end":{}}],"line":381},"37":{"loc":{"start":{"line":444,"column":22},"end":{"line":444,"column":45}},"type":"binary-expr","locations":[{"start":{"line":444,"column":22},"end":{"line":444,"column":38}},{"start":{"line":444,"column":42},"end":{"line":444,"column":45}}],"line":444},"38":{"loc":{"start":{"line":445,"column":13},"end":{"line":445,"column":55}},"type":"binary-expr","locations":[{"start":{"line":445,"column":13},"end":{"line":445,"column":26}},{"start":{"line":445,"column":30},"end":{"line":445,"column":55}}],"line":445},"39":{"loc":{"start":{"line":456,"column":22},"end":{"line":456,"column":45}},"type":"binary-expr","locations":[{"start":{"line":456,"column":22},"end":{"line":456,"column":38}},{"start":{"line":456,"column":42},"end":{"line":456,"column":45}}],"line":456},"40":{"loc":{"start":{"line":457,"column":13},"end":{"line":457,"column":56}},"type":"binary-expr","locations":[{"start":{"line":457,"column":13},"end":{"line":457,"column":26}},{"start":{"line":457,"column":30},"end":{"line":457,"column":56}}],"line":457}},"s":{"0":1,"1":1,"2":1,"3":1,"4":1,"5":1,"6":1,"7":1,"8":1,"9":1,"10":0,"11":1,"12":1,"13":1,"14":1,"15":1,"16":1,"17":1,"18":1,"19":0,"20":1,"21":0,"22":0,"23":0,"24":0,"25":0,"26":0,"27":0,"28":1,"29":7,"30":7,"31":7,"32":6,"33":6,"34":0,"35":0,"36":0,"37":0,"38":1,"39":1,"40":5,"41":5,"42":5,"43":4,"44":1,"45":3,"46":3,"47":3,"48":1,"49":1,"50":1,"51":1,"52":1,"53":1,"54":0,"55":1,"56":9,"57":9,"58":9,"59":6,"60":6,"61":3,"62":1,"63":5,"64":5,"65":6,"66":5,"67":1,"68":4,"69":4,"70":2,"71":1,"72":1,"73":0,"74":3,"75":2,"76":2,"77":1,"78":2,"79":1,"80":1,"81":1,"82":1,"83":1,"84":1,"85":4,"86":4,"87":6,"88":4,"89":1,"90":3,"91":3,"92":0,"93":3,"94":1,"95":19,"96":19,"97":19,"98":18,"99":1,"100":17,"101":17,"102":16,"103":16,"104":2,"105":2,"106":1,"107":7,"108":7,"109":5,"110":2,"111":3,"112":2,"113":1,"114":1,"115":0,"116":1,"117":1,"118":1,"119":1,"120":0,"121":0,"122":0,"123":0,"124":1,"125":5,"126":5,"127":1,"128":4,"129":3,"130":1,"131":1,"132":0,"133":0,"134":1,"135":1,"136":1,"137":1,"138":1,"139":4,"140":1,"141":6,"142":6,"143":6,"144":1,"145":1,"146":6,"147":1,"148":1,"149":6,"150":1,"151":0,"152":0,"153":0,"154":0,"155":0,"156":0,"157":0,"158":0,"159":0,"160":0,"161":0,"162":1,"163":0,"164":0,"165":0,"166":0,"167":0,"168":0,"169":0,"170":0,"171":1,"172":0,"173":0,"174":0,"175":0,"176":0,"177":1,"178":1,"179":1,"180":1},"f":{"0":0,"1":1,"2":0,"3":0,"4":7,"5":5,"6":1,"7":9,"8":5,"9":6,"10":4,"11":6,"12":0,"13":19,"14":7,"15":3,"16":1,"17":5,"18":1,"19":4,"20":6,"21":1,"22":1,"23":0,"24":0,"25":0,"26":0,"27":0,"28":0,"29":0,"30":1},"b":{"0":[0],"1":[0,1],"2":[0,0],"3":[0,0],"4":[0,0],"5":[6,0],"6":[0,0],"7":[1,3],"8":[1,4],"9":[2,2],"10":[1,1],"11":[0,1],"12":[2,1],"13":[1,1],"14":[2,2,1,1],"15":[1,1],"16":[1,0],"17":[1,1],"18":[1,0],"19":[1,1],"20":[1,0],"21":[1,3],"22":[3,0],"23":[1,17],"24":[5,2],"25":[7,6],"26":[1,1],"27":[0,1],"28":[1,0],"29":[1,4],"30":[3,1],"31":[4,4],"32":[0,1],"33":[1,0],"34":[1,0],"35":[1,5],"36":[1,5],"37":[0,0],"38":[0,0],"39":[0,0],"40":[0,0]},"_coverageSchema":"1a1c01bbd47fc00a2c39e90264f33305004495a9","hash":"4e200e6f9fc9ceabde233efb3318812095554fa2"}
}
