TN:
SF:db.js
FNF:0
FNH:0
DA:2,1
DA:3,1
DA:5,1
LF:3
LH:3
BRF:0
BRH:0
end_of_record
TN:
SF:queueLogic.js
FN:4,estimateWaitTime
FNF:1
FNH:1
FNDA:7,estimateWaitTime
DA:5,7
DA:6,2
DA:9,5
DA:10,2
DA:13,3
DA:16,1
LF:6
LH:6
BRDA:5,0,0,2
BRDA:5,0,1,5
BRDA:5,1,0,7
BRDA:5,1,1,6
BRDA:9,2,0,2
BRDA:9,2,1,3
BRF:6
BRH:6
end_of_record
TN:
SF:reportService.js
FN:9,isValidReportType
FN:13,parseDate
FN:27,parsePositiveInt
FN:38,normalizeFilters
FN:58,buildEntryWhere
FN:86,avg
FN:87,(anonymous_6)
FN:89,(anonymous_7)
FN:92,toIso
FN:96,formatQueueName
FN:100,estimatedWaitMinutes
FN:109,mapParticipationEntry
FN:125,getParticipationReport
FN:148,getServiceActivityReport
FN:157,(anonymous_14)
FN:188,(anonymous_15)
FN:216,getQueueStatsReport
FN:226,(anonymous_17)
FN:254,(anonymous_18)
FN:255,(anonymous_19)
FN:259,(anonymous_20)
FN:261,(anonymous_21)
FN:266,(anonymous_22)
FN:269,(anonymous_23)
FN:285,(anonymous_24)
FN:294,generateReport
FN:314,csvEscape
FN:323,toCsv
FN:325,(anonymous_28)
FN:325,(anonymous_29)
FNF:30
FNH:0
FNDA:0,isValidReportType
FNDA:0,parseDate
FNDA:0,parsePositiveInt
FNDA:0,normalizeFilters
FNDA:0,buildEntryWhere
FNDA:0,avg
FNDA:0,(anonymous_6)
FNDA:0,(anonymous_7)
FNDA:0,toIso
FNDA:0,formatQueueName
FNDA:0,estimatedWaitMinutes
FNDA:0,mapParticipationEntry
FNDA:0,getParticipationReport
FNDA:0,getServiceActivityReport
FNDA:0,(anonymous_14)
FNDA:0,(anonymous_15)
FNDA:0,getQueueStatsReport
FNDA:0,(anonymous_17)
FNDA:0,(anonymous_18)
FNDA:0,(anonymous_19)
FNDA:0,(anonymous_20)
FNDA:0,(anonymous_21)
FNDA:0,(anonymous_22)
FNDA:0,(anonymous_23)
FNDA:0,(anonymous_24)
FNDA:0,generateReport
FNDA:0,csvEscape
FNDA:0,toCsv
FNDA:0,(anonymous_28)
FNDA:0,(anonymous_29)
DA:1,1
DA:7,1
DA:10,0
DA:14,0
DA:15,0
DA:16,0
DA:17,0
DA:18,0
DA:19,0
DA:21,0
DA:22,0
DA:24,0
DA:28,0
DA:29,0
DA:30,0
DA:31,0
DA:32,0
DA:33,0
DA:35,0
DA:39,0
DA:40,0
DA:42,0
DA:43,0
DA:44,0
DA:45,0
DA:48,0
DA:59,0
DA:61,0
DA:62,0
DA:63,0
DA:64,0
DA:67,0
DA:68,0
DA:71,0
DA:72,0
DA:75,0
DA:76,0
DA:79,0
DA:80,0
DA:83,0
DA:87,0
DA:88,0
DA:89,0
DA:93,0
DA:97,0
DA:101,0
DA:102,0
DA:103,0
DA:104,0
DA:106,0
DA:110,0
DA:126,0
DA:132,0
DA:149,0
DA:155,0
DA:157,0
DA:158,0
DA:159,0
DA:160,0
DA:175,0
DA:176,0
DA:177,0
DA:178,0
DA:179,0
DA:180,0
DA:181,0
DA:184,0
DA:185,0
DA:188,0
DA:201,0
DA:217,0
DA:223,0
DA:224,0
DA:226,0
DA:227,0
DA:228,0
DA:229,0
DA:230,0
DA:232,0
DA:233,0
DA:234,0
DA:246,0
DA:247,0
DA:248,0
DA:249,0
DA:250,0
DA:253,0
DA:254,0
DA:255,0
DA:258,0
DA:259,0
DA:261,0
DA:266,0
DA:269,0
DA:272,0
DA:285,0
DA:295,0
DA:296,0
DA:297,0
DA:298,0
DA:301,0
DA:303,0
DA:304,0
DA:307,0
DA:308,0
DA:311,0
DA:315,0
DA:316,0
DA:317,0
DA:318,0
DA:320,0
DA:324,0
DA:325,0
DA:326,0
DA:329,1
LF:115
LH:3
BRDA:13,0,0,0
BRDA:14,1,0,0
BRDA:14,1,1,0
BRDA:16,2,0,0
BRDA:16,2,1,0
BRDA:21,3,0,0
BRDA:21,3,1,0
BRDA:21,4,0,0
BRDA:21,4,1,0
BRDA:28,5,0,0
BRDA:28,5,1,0
BRDA:28,6,0,0
BRDA:28,6,1,0
BRDA:28,6,2,0
BRDA:30,7,0,0
BRDA:30,7,1,0
BRDA:30,8,0,0
BRDA:30,8,1,0
BRDA:38,9,0,0
BRDA:42,10,0,0
BRDA:42,10,1,0
BRDA:42,11,0,0
BRDA:42,11,1,0
BRDA:42,11,2,0
BRDA:53,12,0,0
BRDA:53,12,1,0
BRDA:54,13,0,0
BRDA:54,13,1,0
BRDA:61,14,0,0
BRDA:61,14,1,0
BRDA:61,15,0,0
BRDA:61,15,1,0
BRDA:63,16,0,0
BRDA:63,16,1,0
BRDA:64,17,0,0
BRDA:64,17,1,0
BRDA:67,18,0,0
BRDA:67,18,1,0
BRDA:71,19,0,0
BRDA:71,19,1,0
BRDA:75,20,0,0
BRDA:75,20,1,0
BRDA:79,21,0,0
BRDA:79,21,1,0
BRDA:88,22,0,0
BRDA:88,22,1,0
BRDA:93,23,0,0
BRDA:93,23,1,0
BRDA:103,24,0,0
BRDA:103,24,1,0
BRDA:103,25,0,0
BRDA:103,25,1,0
BRDA:103,25,2,0
BRDA:103,25,3,0
BRDA:159,26,0,0
BRDA:159,26,1,0
BRDA:177,27,0,0
BRDA:177,27,1,0
BRDA:178,28,0,0
BRDA:178,28,1,0
BRDA:179,29,0,0
BRDA:179,29,1,0
BRDA:180,30,0,0
BRDA:180,30,1,0
BRDA:180,31,0,0
BRDA:180,31,1,0
BRDA:185,32,0,0
BRDA:185,32,1,0
BRDA:230,33,0,0
BRDA:230,33,1,0
BRDA:233,34,0,0
BRDA:233,34,1,0
BRDA:248,35,0,0
BRDA:248,35,1,0
BRDA:249,36,0,0
BRDA:249,36,1,0
BRDA:250,37,0,0
BRDA:250,37,1,0
BRDA:255,38,0,0
BRDA:255,38,1,0
BRDA:259,39,0,0
BRDA:259,39,1,0
BRDA:266,40,0,0
BRDA:266,40,1,0
BRDA:295,41,0,0
BRDA:295,41,1,0
BRDA:303,42,0,0
BRDA:303,42,1,0
BRDA:307,43,0,0
BRDA:307,43,1,0
BRDA:315,44,0,0
BRDA:315,44,1,0
BRDA:315,45,0,0
BRDA:315,45,1,0
BRDA:317,46,0,0
BRDA:317,46,1,0
BRF:96
BRH:0
end_of_record
TN:
SF:server.js
FN:14,(anonymous_0)
FN:44,pushNotification
FN:57,isAdministratorRole
FN:61,requireAdmin
FN:77,(anonymous_4)
FN:95,(anonymous_5)
FN:127,(anonymous_6)
FN:137,(anonymous_7)
FN:152,(anonymous_8)
FN:154,(anonymous_9)
FN:201,(anonymous_10)
FN:203,(anonymous_11)
FN:212,(anonymous_12)
FN:228,(anonymous_13)
FN:264,(anonymous_14)
FN:271,(anonymous_15)
FN:280,(anonymous_16)
FN:312,(anonymous_17)
FN:345,(anonymous_18)
FN:364,(anonymous_19)
FN:373,(anonymous_20)
FN:379,(anonymous_21)
FN:382,(anonymous_22)
FN:394,(anonymous_23)
FN:401,(anonymous_24)
FN:402,(anonymous_25)
FN:420,(anonymous_26)
FN:422,(anonymous_27)
FN:431,(anonymous_28)
FN:450,(anonymous_29)
FN:463,(anonymous_30)
FNF:31
FNH:20
FNDA:0,(anonymous_0)
FNDA:1,pushNotification
FNDA:0,isAdministratorRole
FNDA:0,requireAdmin
FNDA:7,(anonymous_4)
FNDA:5,(anonymous_5)
FNDA:1,(anonymous_6)
FNDA:9,(anonymous_7)
FNDA:5,(anonymous_8)
FNDA:6,(anonymous_9)
FNDA:4,(anonymous_10)
FNDA:6,(anonymous_11)
FNDA:0,(anonymous_12)
FNDA:19,(anonymous_13)
FNDA:7,(anonymous_14)
FNDA:3,(anonymous_15)
FNDA:1,(anonymous_16)
FNDA:5,(anonymous_17)
FNDA:1,(anonymous_18)
FNDA:4,(anonymous_19)
FNDA:6,(anonymous_20)
FNDA:1,(anonymous_21)
FNDA:1,(anonymous_22)
FNDA:0,(anonymous_23)
FNDA:0,(anonymous_24)
FNDA:0,(anonymous_25)
FNDA:0,(anonymous_26)
FNDA:0,(anonymous_27)
FNDA:0,(anonymous_28)
FNDA:0,(anonymous_29)
FNDA:1,(anonymous_30)
DA:2,1
DA:3,1
DA:4,1
DA:6,1
DA:7,1
DA:8,1
DA:9,1
DA:11,1
DA:12,1
DA:14,1
DA:15,0
DA:21,1
DA:26,1
DA:33,1
DA:36,1
DA:39,1
DA:45,1
DA:51,1
DA:53,1
DA:54,1
DA:58,0
DA:62,0
DA:63,0
DA:64,0
DA:66,0
DA:67,0
DA:69,0
DA:77,1
DA:78,7
DA:80,7
DA:81,7
DA:82,6
DA:85,0
DA:86,0
DA:88,0
DA:90,1
DA:95,1
DA:96,5
DA:98,5
DA:100,5
DA:101,4
DA:104,3
DA:107,3
DA:115,3
DA:117,1
DA:118,1
DA:127,1
DA:128,1
DA:129,1
DA:130,1
DA:132,0
DA:137,1
DA:138,9
DA:139,9
DA:140,9
DA:144,6
DA:145,6
DA:147,3
DA:152,1
DA:153,5
DA:154,6
DA:156,5
DA:157,1
DA:160,4
DA:162,4
DA:163,2
DA:164,1
DA:166,1
DA:167,0
DA:171,3
DA:172,2
DA:173,2
DA:174,1
DA:178,2
DA:179,1
DA:180,1
DA:181,1
DA:185,1
DA:193,1
DA:201,1
DA:202,4
DA:203,6
DA:205,4
DA:206,1
DA:209,3
DA:212,3
DA:218,3
DA:228,1
DA:229,19
DA:231,19
DA:233,19
DA:234,18
DA:237,17
DA:242,17
DA:252,16
DA:256,16
DA:258,2
DA:259,2
DA:264,1
DA:265,7
DA:267,7
DA:268,5
DA:271,3
DA:272,2
DA:273,1
DA:276,1
DA:277,0
DA:280,1
DA:281,1
DA:282,1
DA:285,0
DA:288,0
DA:294,0
DA:304,0
DA:312,1
DA:313,5
DA:315,5
DA:316,1
DA:319,4
DA:320,3
DA:323,1
DA:326,1
DA:327,0
DA:328,0
DA:335,1
DA:341,1
DA:345,1
DA:351,1
DA:364,1
DA:365,4
DA:373,1
DA:374,6
DA:376,6
DA:378,6
DA:379,1
DA:381,6
DA:382,1
DA:383,1
DA:387,6
DA:394,1
DA:395,0
DA:396,0
DA:401,0
DA:402,0
DA:411,0
DA:417,0
DA:420,0
DA:422,0
DA:426,0
DA:427,0
DA:431,1
DA:432,0
DA:433,0
DA:434,0
DA:436,0
DA:437,0
DA:441,0
DA:443,0
DA:444,0
DA:450,1
DA:451,0
DA:452,0
DA:453,0
DA:455,0
DA:456,0
DA:462,1
DA:463,1
DA:464,1
DA:467,1
LF:169
LH:126
BRDA:44,0,0,0
BRDA:53,1,0,0
BRDA:53,1,1,1
BRDA:58,2,0,0
BRDA:58,2,1,0
BRDA:63,3,0,0
BRDA:63,3,1,0
BRDA:66,4,0,0
BRDA:66,4,1,0
BRDA:82,5,0,6
BRDA:82,5,1,0
BRDA:86,6,0,0
BRDA:86,6,1,0
BRDA:101,7,0,1
BRDA:101,7,1,3
BRDA:156,8,0,1
BRDA:156,8,1,4
BRDA:162,9,0,2
BRDA:162,9,1,2
BRDA:163,10,0,1
BRDA:163,10,1,1
BRDA:166,11,0,0
BRDA:166,11,1,1
BRDA:171,12,0,2
BRDA:171,12,1,1
BRDA:173,13,0,1
BRDA:173,13,1,1
BRDA:173,14,0,2
BRDA:173,14,1,2
BRDA:173,14,2,1
BRDA:173,14,3,1
BRDA:178,15,0,1
BRDA:178,15,1,1
BRDA:180,16,0,1
BRDA:180,16,1,0
BRDA:187,17,0,1
BRDA:187,17,1,1
BRDA:188,18,0,1
BRDA:188,18,1,0
BRDA:189,19,0,1
BRDA:189,19,1,1
BRDA:190,20,0,1
BRDA:190,20,1,0
BRDA:205,21,0,1
BRDA:205,21,1,3
BRDA:209,22,0,3
BRDA:209,22,1,0
BRDA:234,23,0,1
BRDA:234,23,1,17
BRDA:267,24,0,5
BRDA:267,24,1,2
BRDA:267,25,0,7
BRDA:267,25,1,6
BRDA:272,26,0,1
BRDA:272,26,1,1
BRDA:276,27,0,0
BRDA:276,27,1,1
BRDA:281,28,0,1
BRDA:281,28,1,0
BRDA:315,29,0,1
BRDA:315,29,1,4
BRDA:319,30,0,3
BRDA:319,30,1,1
BRDA:319,31,0,4
BRDA:319,31,1,4
BRDA:326,32,0,0
BRDA:326,32,1,1
BRDA:345,33,0,1
BRDA:345,33,1,0
BRDA:345,34,0,1
BRDA:345,34,1,0
BRDA:378,35,0,1
BRDA:378,35,1,5
BRDA:381,36,0,1
BRDA:381,36,1,5
BRDA:444,37,0,0
BRDA:444,37,1,0
BRDA:445,38,0,0
BRDA:445,38,1,0
BRDA:456,39,0,0
BRDA:456,39,1,0
BRDA:457,40,0,0
BRDA:457,40,1,0
BRF:83
BRH:54
end_of_record
